Using pre-set license
Built from '2021.2/staging' branch; Version is '2021.2.7f1 (6bd9e232123f) revision 7068130'; Using compiler version '192829333'; Build Type 'Release'
OS: 'Windows 10  (10.0.19042) 64bit Core' Language: 'en' Physical Memory: 12203 MB
BatchMode: 1, IsHumanControllingUs: 0, StartBugReporterOnCrash: 0, Is64bit: 1, IsPro: 0

COMMAND LINE ARGUMENTS:
C:\Program Files\Unity\Hub\Editor\2021.2.7f1\Editor\Unity.exe
-adb2
-batchMode
-noUpm
-name
AssetImportWorker0
-projectPath
C:/Users/Riccardo/Documents/GitHub/MR-RIEW
-logFile
Logs/AssetImportWorker0.log
-srvPort
61922
Successfully changed project path to: C:/Users/Riccardo/Documents/GitHub/MR-RIEW
C:/Users/Riccardo/Documents/GitHub/MR-RIEW
[UnityMemory] Configuration Parameters - Can be set up in boot.config
    "memorysetup-bucket-allocator-granularity=16"
    "memorysetup-bucket-allocator-bucket-count=8"
    "memorysetup-bucket-allocator-block-size=33554432"
    "memorysetup-bucket-allocator-block-count=8"
    "memorysetup-main-allocator-block-size=16777216"
    "memorysetup-thread-allocator-block-size=16777216"
    "memorysetup-gfx-main-allocator-block-size=16777216"
    "memorysetup-gfx-thread-allocator-block-size=16777216"
    "memorysetup-cache-allocator-block-size=4194304"
    "memorysetup-typetree-allocator-block-size=2097152"
    "memorysetup-profiler-bucket-allocator-granularity=16"
    "memorysetup-profiler-bucket-allocator-bucket-count=8"
    "memorysetup-profiler-bucket-allocator-block-size=33554432"
    "memorysetup-profiler-bucket-allocator-block-count=8"
    "memorysetup-profiler-allocator-block-size=16777216"
    "memorysetup-profiler-editor-allocator-block-size=1048576"
    "memorysetup-temp-allocator-size-main=16777216"
    "memorysetup-job-temp-allocator-block-size=2097152"
    "memorysetup-job-temp-allocator-block-size-background=1048576"
    "memorysetup-job-temp-allocator-reduction-small-platforms=262144"
    "memorysetup-temp-allocator-size-background-worker=32768"
    "memorysetup-temp-allocator-size-job-worker=262144"
    "memorysetup-temp-allocator-size-preload-manager=33554432"
    "memorysetup-temp-allocator-size-nav-mesh-worker=65536"
    "memorysetup-temp-allocator-size-audio-worker=65536"
    "memorysetup-temp-allocator-size-cloud-worker=32768"
    "memorysetup-temp-allocator-size-gi-baking-worker=262144"
    "memorysetup-temp-allocator-size-gfx=262144"
Refreshing native plugins compatible for Editor in 49.95 ms, found 6 plugins.
Preloading 1 native plugins for Editor in 0.87 ms.
Initialize engine version: 2021.2.7f1 (6bd9e232123f)
[Subsystems] Discovering subsystems at path C:/Program Files/Unity/Hub/Editor/2021.2.7f1/Editor/Data/Resources/UnitySubsystems
[Subsystems] Discovering subsystems at path C:/Users/Riccardo/Documents/GitHub/MR-RIEW/Assets
GfxDevice: creating device client; threaded=0; jobified=0
Direct3D:
    Version:  Direct3D 11.0 [level 11.1]
    Renderer: NVIDIA GeForce GTX 1660 Ti (ID=0x2182)
    Vendor:   NVIDIA
    VRAM:     5991 MB
    Driver:   30.0.14.7280
Shader 'Oculus/OVRMRCameraFrameLit': fallback shader 'Alpha-Diffuse' not found
Initialize mono
Mono path[0] = 'C:/Program Files/Unity/Hub/Editor/2021.2.7f1/Editor/Data/Managed'
Mono path[1] = 'C:/Program Files/Unity/Hub/Editor/2021.2.7f1/Editor/Data/MonoBleedingEdge/lib/mono/unityjit-win32'
Mono config path = 'C:/Program Files/Unity/Hub/Editor/2021.2.7f1/Editor/Data/MonoBleedingEdge/etc'
Using monoOptions --debugger-agent=transport=dt_socket,embedding=1,server=y,suspend=n,address=127.0.0.1:56120
Begin MonoManager ReloadAssembly
Registering precompiled unity dll's ...
Register platform support module: C:/Program Files/Unity/Hub/Editor/2021.2.7f1/Editor/Data/PlaybackEngines/WindowsStandaloneSupport/UnityEditor.WindowsStandalone.Extensions.dll
Registered in 0.007928 seconds.
Native extension for WindowsStandalone target not found
Refreshing native plugins compatible for Editor in 36.89 ms, found 6 plugins.
Preloading 1 native plugins for Editor in 0.07 ms.
Mono: successfully reloaded assembly
- Completed reload, in  0.564 seconds
Domain Reload Profiling:
	ReloadAssembly (565ms)
		BeginReloadAssembly (72ms)
			ExecutionOrderSort (0ms)
			DisableScriptedObjects (0ms)
			BackupInstance (0ms)
			ReleaseScriptingObjects (0ms)
			CreateAndSetChildDomain (1ms)
		EndReloadAssembly (409ms)
			LoadAssemblies (70ms)
			RebuildTransferFunctionScriptingTraits (0ms)
			SetupTypeCache (100ms)
			ReleaseScriptCaches (0ms)
			RebuildScriptCaches (24ms)
			SetupLoadedEditorAssemblies (228ms)
				LogAssemblyErrors (0ms)
				InitializePlatformSupportModulesInManaged (15ms)
				SetLoadedEditorAssemblies (0ms)
				RefreshPlugins (37ms)
				BeforeProcessingInitializeOnLoad (1ms)
				ProcessInitializeOnLoadAttributes (134ms)
				ProcessInitializeOnLoadMethodAttributes (41ms)
				AfterProcessingInitializeOnLoad (0ms)
				EditorAssembliesLoaded (0ms)
			ExecutionOrderSort2 (0ms)
			AwakeInstancesAfterBackupRestoration (0ms)
Platform modules already initialized, skipping
Registering precompiled user dll's ...
Registered in 0.006353 seconds.
Begin MonoManager ReloadAssembly
Native extension for WindowsStandalone target not found
Refreshing native plugins compatible for Editor in 0.63 ms, found 6 plugins.
Preloading 1 native plugins for Editor in 0.08 ms.
Package Manager log level set to [2]
[XR] OculusXRPlugin: registering subsystems
[XR] Unable to register display lifecyle provider: [1]
[XR] Oculus Input lifecycle provider registered.
[XR] Unable to register input lifecyle provider: [1]
[XR] OVRP version 1.67.0
Mono: successfully reloaded assembly
- Completed reload, in  0.878 seconds
Domain Reload Profiling:
	ReloadAssembly (879ms)
		BeginReloadAssembly (106ms)
			ExecutionOrderSort (0ms)
			DisableScriptedObjects (5ms)
			BackupInstance (0ms)
			ReleaseScriptingObjects (0ms)
			CreateAndSetChildDomain (18ms)
		EndReloadAssembly (678ms)
			LoadAssemblies (75ms)
			RebuildTransferFunctionScriptingTraits (0ms)
			SetupTypeCache (189ms)
			ReleaseScriptCaches (0ms)
			RebuildScriptCaches (47ms)
			SetupLoadedEditorAssemblies (328ms)
				LogAssemblyErrors (0ms)
				InitializePlatformSupportModulesInManaged (13ms)
				SetLoadedEditorAssemblies (0ms)
				RefreshPlugins (1ms)
				BeforeProcessingInitializeOnLoad (59ms)
				ProcessInitializeOnLoadAttributes (218ms)
				ProcessInitializeOnLoadMethodAttributes (28ms)
				AfterProcessingInitializeOnLoad (8ms)
				EditorAssembliesLoaded (0ms)
			ExecutionOrderSort2 (0ms)
			AwakeInstancesAfterBackupRestoration (6ms)
Platform modules already initialized, skipping
========================================================================
Worker process is ready to serve import requests
Shader 'Oculus/OVRMRCameraFrameLit': fallback shader 'Alpha-Diffuse' not found
Launched and connected shader compiler UnityShaderCompiler.exe after 0.06 seconds
Refreshing native plugins compatible for Editor in 0.67 ms, found 6 plugins.
Preloading 1 native plugins for Editor in 0.07 ms.
Unloading 2248 Unused Serialized files (Serialized files now loaded: 0)
Unloading 44 unused Assets / (57.0 KB). Loaded Objects now: 2692.
Memory consumption went from 99.6 MB to 99.5 MB.
Total: 2.870400 ms (FindLiveObjects: 0.218600 ms CreateObjectMapping: 0.113500 ms MarkObjects: 2.457400 ms  DeleteObjects: 0.079900 ms)

AssetImportParameters requested are different than current active one (requested -> active):
  custom:video-decoder-ogg-theora: a1e56fd34408186e4bbccfd4996cb3dc -> 
  custom:container-muxer-webm: aa71ff27fc2769a1b78a27578f13a17b -> 
  custom:container-demuxer-webm: 4f35f7cbe854078d1ac9338744f61a02 -> 
  custom:video-encoder-webm-vp8: eb34c28f22e8b96e1ab97ce403110664 -> 
  custom:audio-encoder-webm-vorbis: bf7c407c2cedff20999df2af8eb42d56 -> 
  custom:framework-win-MediaFoundation: 216162199b28c13a410421893ffa2e32 -> 
  custom:container-demuxer-ogg: 62fdf1f143b41e24485cea50d1cbac27 -> 
  custom:video-decoder-webm-vp8: 9c59270c3fd7afecdb556c50c9e8de78 -> 
  custom:audio-decoder-ogg-vorbis: bf7c407c2cedff20999df2af8eb42d56 -> 
========================================================================
Received Import Request.
  Time since last request: 11988.218149 seconds.
  path: Assets/Prefab/VRUI-LoadingIndicator.prefab
  artifactKey: Guid(f2cf60f027bb29243b3fbc38cf36356d) Importer(815301076,1909f56bfc062723c751e8b465ee728b)
Start importing Assets/Prefab/VRUI-LoadingIndicator.prefab using Guid(f2cf60f027bb29243b3fbc38cf36356d) Importer(815301076,1909f56bfc062723c751e8b465ee728b)  -> (artifact id: '23b73f71228fcde8164c99da27fea604') in 0.054243 seconds 
========================================================================
Received Import Request.
  Time since last request: 5.894989 seconds.
  path: Assets/Prefab/VRUI-LoadingIndicator.prefab
  artifactKey: Guid(f2cf60f027bb29243b3fbc38cf36356d) Importer(815301076,1909f56bfc062723c751e8b465ee728b)
Start importing Assets/Prefab/VRUI-LoadingIndicator.prefab using Guid(f2cf60f027bb29243b3fbc38cf36356d) Importer(815301076,1909f56bfc062723c751e8b465ee728b)  -> (artifact id: '1124d2d85c75b455b0b01dcaf6321cd9') in 0.007747 seconds 
========================================================================
Received Import Request.
  Time since last request: 6.627566 seconds.
  path: Assets/Prefab/LoadingIndicator.prefab
  artifactKey: Guid(f2cf60f027bb29243b3fbc38cf36356d) Importer(815301076,1909f56bfc062723c751e8b465ee728b)
Start importing Assets/Prefab/LoadingIndicator.prefab using Guid(f2cf60f027bb29243b3fbc38cf36356d) Importer(815301076,1909f56bfc062723c751e8b465ee728b)  -> (artifact id: 'fbadb04c5de6472fe8f0d7a9436724f9') in 0.009444 seconds 
========================================================================
Received Import Request.
  Time since last request: 4.581514 seconds.
  path: Assets/Prefab/LoadingIndicator.prefab
  artifactKey: Guid(f2cf60f027bb29243b3fbc38cf36356d) Importer(815301076,1909f56bfc062723c751e8b465ee728b)
Start importing Assets/Prefab/LoadingIndicator.prefab using Guid(f2cf60f027bb29243b3fbc38cf36356d) Importer(815301076,1909f56bfc062723c751e8b465ee728b)  -> (artifact id: '4dc24d5ce739bad881de8a917769f648') in 0.005168 seconds 
========================================================================
Received Prepare
Registering precompiled user dll's ...
Registered in 0.005984 seconds.
Begin MonoManager ReloadAssembly
Native extension for WindowsStandalone target not found
Refreshing native plugins compatible for Editor in 0.72 ms, found 6 plugins.
Preloading 1 native plugins for Editor in 0.08 ms.
Mono: successfully reloaded assembly
- Completed reload, in  1.085 seconds
Domain Reload Profiling:
	ReloadAssembly (1086ms)
		BeginReloadAssembly (158ms)
			ExecutionOrderSort (0ms)
			DisableScriptedObjects (5ms)
			BackupInstance (0ms)
			ReleaseScriptingObjects (0ms)
			CreateAndSetChildDomain (32ms)
		EndReloadAssembly (792ms)
			LoadAssemblies (111ms)
			RebuildTransferFunctionScriptingTraits (0ms)
			SetupTypeCache (249ms)
			ReleaseScriptCaches (1ms)
			RebuildScriptCaches (37ms)
			SetupLoadedEditorAssemblies (358ms)
				LogAssemblyErrors (0ms)
				InitializePlatformSupportModulesInManaged (12ms)
				SetLoadedEditorAssemblies (0ms)
				RefreshPlugins (1ms)
				BeforeProcessingInitializeOnLoad (62ms)
				ProcessInitializeOnLoadAttributes (237ms)
				ProcessInitializeOnLoadMethodAttributes (34ms)
				AfterProcessingInitializeOnLoad (11ms)
				EditorAssembliesLoaded (0ms)
			ExecutionOrderSort2 (0ms)
			AwakeInstancesAfterBackupRestoration (7ms)
Platform modules already initialized, skipping
Switching build target platform(19) subTarget(0) extendedPlatform(0) -> platform(13) subTarget(0) extendedPlatform(0)
Shader 'Oculus/OVRMRCameraFrameLit': fallback shader 'Alpha-Diffuse' not found
Refreshing native plugins compatible for Editor in 0.64 ms, found 6 plugins.
Preloading 1 native plugins for Editor in 0.08 ms.
Unloading 2186 Unused Serialized files (Serialized files now loaded: 0)
Unloading 39 unused Assets / (25.6 KB). Loaded Objects now: 2695.
Memory consumption went from 94.6 MB to 94.5 MB.
Total: 2.963800 ms (FindLiveObjects: 0.268600 ms CreateObjectMapping: 0.223500 ms MarkObjects: 2.443100 ms  DeleteObjects: 0.027400 ms)

AssetImportParameters requested are different than current active one (requested -> active):
  custom:video-decoder-ogg-theora: a1e56fd34408186e4bbccfd4996cb3dc -> 
  custom:container-muxer-webm: aa71ff27fc2769a1b78a27578f13a17b -> 
  custom:container-demuxer-webm: 4f35f7cbe854078d1ac9338744f61a02 -> 
  custom:video-encoder-webm-vp8: eb34c28f22e8b96e1ab97ce403110664 -> 
  custom:audio-encoder-webm-vorbis: bf7c407c2cedff20999df2af8eb42d56 -> 
  custom:framework-win-MediaFoundation: 216162199b28c13a410421893ffa2e32 -> 
  custom:container-demuxer-ogg: 62fdf1f143b41e24485cea50d1cbac27 -> 
  custom:video-decoder-webm-vp8: 9c59270c3fd7afecdb556c50c9e8de78 -> 
  custom:audio-decoder-ogg-vorbis: bf7c407c2cedff20999df2af8eb42d56 -> 
========================================================================
Received Import Request.
  Time since last request: 225.708667 seconds.
  path: Assets/Scenes/experiment scenes/Trial_01.unity
  artifactKey: Guid(23de1451190d4d84bafc03e13ebbd0ea) Importer(815301076,1909f56bfc062723c751e8b465ee728b)
Start importing Assets/Scenes/experiment scenes/Trial_01.unity using Guid(23de1451190d4d84bafc03e13ebbd0ea) Importer(815301076,1909f56bfc062723c751e8b465ee728b)  -> (artifact id: '9b34c396cf581c0022a9cb666b93212c') in 0.019904 seconds 
========================================================================
Received Import Request.
  Time since last request: 296.283999 seconds.
  path: Assets/Oculus/VR/Materials/SelfieImage.mat
  artifactKey: Guid(52ef173c94de14120b0d05f281d20054) Importer(815301076,1909f56bfc062723c751e8b465ee728b)
Start importing Assets/Oculus/VR/Materials/SelfieImage.mat using Guid(52ef173c94de14120b0d05f281d20054) Importer(815301076,1909f56bfc062723c751e8b465ee728b)  -> (artifact id: '412f2f6689086ddcbec386a85496ea54') in 0.141072 seconds 
========================================================================
Received Import Request.
  Time since last request: 0.000018 seconds.
  path: Assets/Oculus/LipSync/Models/FemaleHead_Morph/Materials/skin_DIFF.mat
  artifactKey: Guid(3d380053edac948aa9d428fce6a5288b) Importer(815301076,1909f56bfc062723c751e8b465ee728b)
Start importing Assets/Oculus/LipSync/Models/FemaleHead_Morph/Materials/skin_DIFF.mat using Guid(3d380053edac948aa9d428fce6a5288b) Importer(815301076,1909f56bfc062723c751e8b465ee728b)  -> (artifact id: 'dd9145695e616b3f08d873e7411f311e') in 0.198158 seconds 
========================================================================
Received Import Request.
  Time since last request: 0.000021 seconds.
  path: Assets/Oculus/LipSync/Models/RobotHead_TextureFlip/Materials/sil.mat
  artifactKey: Guid(5290b3a55eaa1b7458665dc2d856c042) Importer(815301076,1909f56bfc062723c751e8b465ee728b)
Start importing Assets/Oculus/LipSync/Models/RobotHead_TextureFlip/Materials/sil.mat using Guid(5290b3a55eaa1b7458665dc2d856c042) Importer(815301076,1909f56bfc062723c751e8b465ee728b)  -> (artifact id: '4be69137df173a10959ee330da02a7f6') in 0.028581 seconds 
========================================================================
Received Import Request.
  Time since last request: 0.000051 seconds.
  path: Assets/Oculus/VR/Materials/SelfieMat.mat
  artifactKey: Guid(8bad5fdcacc3848e08780239d9578531) Importer(815301076,1909f56bfc062723c751e8b465ee728b)
Start importing Assets/Oculus/VR/Materials/SelfieMat.mat using Guid(8bad5fdcacc3848e08780239d9578531) Importer(815301076,1909f56bfc062723c751e8b465ee728b)  -> (artifact id: '82d149ebba03c02db7e4f72d95ddbe34') in 0.017427 seconds 
========================================================================
Received Import Request.
  Time since last request: 0.000049 seconds.
  path: Assets/Materials/ToolTip.mat
  artifactKey: Guid(deb97fd0f3045944580a164c8264fd08) Importer(815301076,1909f56bfc062723c751e8b465ee728b)
Start importing Assets/Materials/ToolTip.mat using Guid(deb97fd0f3045944580a164c8264fd08) Importer(815301076,1909f56bfc062723c751e8b465ee728b)  -> (artifact id: 'fac8ef045a905b52f381486774181d45') in 0.015406 seconds 
========================================================================
Received Import Request.
  Time since last request: 0.000017 seconds.
  path: Assets/Materials/ToolTipAnchor.mat
  artifactKey: Guid(8b194a52aa3910841906bb06184b1e18) Importer(815301076,1909f56bfc062723c751e8b465ee728b)
Start importing Assets/Materials/ToolTipAnchor.mat using Guid(8b194a52aa3910841906bb06184b1e18) Importer(815301076,1909f56bfc062723c751e8b465ee728b)  -> (artifact id: '949f1aba3f803b4215405f890f40b520') in 0.014973 seconds 
========================================================================
Received Import Request.
  Time since last request: 0.000019 seconds.
  path: Assets/Oculus/SampleFramework/Usage/Passthrough/Materials/skybox/Skybox.mat
  artifactKey: Guid(34b43d94c855d49e491abad836c56a32) Importer(815301076,1909f56bfc062723c751e8b465ee728b)
Start importing Assets/Oculus/SampleFramework/Usage/Passthrough/Materials/skybox/Skybox.mat using Guid(34b43d94c855d49e491abad836c56a32) Importer(815301076,1909f56bfc062723c751e8b465ee728b)  -> (artifact id: 'f50f369315f6a50fe4e44b35cdd74d2d') in 0.178793 seconds 
========================================================================
Received Import Request.
  Time since last request: 0.000021 seconds.
  path: Assets/Oculus/SampleFramework/Usage/Passthrough/Materials/SignGlow.mat
  artifactKey: Guid(4987a147e31e8044ea7e0762e6f1780a) Importer(815301076,1909f56bfc062723c751e8b465ee728b)
Start importing Assets/Oculus/SampleFramework/Usage/Passthrough/Materials/SignGlow.mat using Guid(4987a147e31e8044ea7e0762e6f1780a) Importer(815301076,1909f56bfc062723c751e8b465ee728b)  -> (artifact id: '25ffef1d5777dc63c27c9369c0ea34db') in 0.015591 seconds 
========================================================================
Received Import Request.
  Time since last request: 0.000026 seconds.
  path: Assets/Oculus/Spatializer/scenes/materials/SpatializedObject2.mat
  artifactKey: Guid(f54ef0e328359c14b9005f8a48cbd66b) Importer(815301076,1909f56bfc062723c751e8b465ee728b)
Start importing Assets/Oculus/Spatializer/scenes/materials/SpatializedObject2.mat using Guid(f54ef0e328359c14b9005f8a48cbd66b) Importer(815301076,1909f56bfc062723c751e8b465ee728b)  -> (artifact id: 'c783f58e6341c6b3e965c03966c34094') in 0.179369 seconds 
========================================================================
Received Import Request.
  Time since last request: 0.000023 seconds.
  path: Assets/Oculus/Voice/Demo/Materials/Skybox.mat
  artifactKey: Guid(fea35dc83d97e2b438e3baebaf6ead34) Importer(815301076,1909f56bfc062723c751e8b465ee728b)
Start importing Assets/Oculus/Voice/Demo/Materials/Skybox.mat using Guid(fea35dc83d97e2b438e3baebaf6ead34) Importer(815301076,1909f56bfc062723c751e8b465ee728b)  -> (artifact id: '48670600d73d03b957879772e3c10cd6') in 0.098704 seconds 
========================================================================
Received Import Request.
  Time since last request: 0.000023 seconds.
  path: Assets/Oculus/Voice/Demo/Materials/Shapes.mat
  artifactKey: Guid(bc0300e976173994a92b5e91881aeaad) Importer(815301076,1909f56bfc062723c751e8b465ee728b)
Start importing Assets/Oculus/Voice/Demo/Materials/Shapes.mat using Guid(bc0300e976173994a92b5e91881aeaad) Importer(815301076,1909f56bfc062723c751e8b465ee728b)  -> (artifact id: 'ae99d85e0a253a17c569ab49bf190c42') in 0.014996 seconds 
========================================================================
Received Import Request.
  Time since last request: 0.000023 seconds.
  path: Assets/Oculus/SampleFramework/Usage/Passthrough/Materials/WhiteUnlit.mat
  artifactKey: Guid(89681c510a2d4144f82986df469f44a1) Importer(815301076,1909f56bfc062723c751e8b465ee728b)
Start importing Assets/Oculus/SampleFramework/Usage/Passthrough/Materials/WhiteUnlit.mat using Guid(89681c510a2d4144f82986df469f44a1) Importer(815301076,1909f56bfc062723c751e8b465ee728b)  -> (artifact id: '7c810c18da67f943b096055bfdeb6d16') in 0.016660 seconds 
========================================================================
Received Import Request.
  Time since last request: 0.000021 seconds.
  path: Assets/Oculus/Spatializer/scenes/materials/SpatializedObject1.mat
  artifactKey: Guid(6498d4298a35c5c44894b5f194468896) Importer(815301076,1909f56bfc062723c751e8b465ee728b)
Start importing Assets/Oculus/Spatializer/scenes/materials/SpatializedObject1.mat using Guid(6498d4298a35c5c44894b5f194468896) Importer(815301076,1909f56bfc062723c751e8b465ee728b)  -> (artifact id: 'cfdcce71c1229000ebdf93c090189cba') in 0.018820 seconds 
========================================================================
Received Import Request.
  Time since last request: 0.000029 seconds.
  path: Assets/Oculus/LipSync/Models/FemaleHead_Morph/Materials/shirt.mat
  artifactKey: Guid(0ad01ecbcffbb4c91af7ffa1ebc14f74) Importer(815301076,1909f56bfc062723c751e8b465ee728b)
Start importing Assets/Oculus/LipSync/Models/FemaleHead_Morph/Materials/shirt.mat using Guid(0ad01ecbcffbb4c91af7ffa1ebc14f74) Importer(815301076,1909f56bfc062723c751e8b465ee728b)  -> (artifact id: 'eeb7fb085c93ad1a97a10a2c13c77afb') in 0.016405 seconds 
========================================================================
Received Import Request.
  Time since last request: 1.358022 seconds.
  path: Assets/Oculus/LipSync/Models/FemaleHead_Morph/Materials/outerEyeShell.mat
  artifactKey: Guid(76f25b997543f432bbe00737485b392e) Importer(815301076,1909f56bfc062723c751e8b465ee728b)
Start importing Assets/Oculus/LipSync/Models/FemaleHead_Morph/Materials/outerEyeShell.mat using Guid(76f25b997543f432bbe00737485b392e) Importer(815301076,1909f56bfc062723c751e8b465ee728b)  -> (artifact id: '6b410b3e7c88c9a3d892f5ea52b95711') in 0.116402 seconds 
========================================================================
Received Import Request.
  Time since last request: 0.000019 seconds.
  path: Assets/Oculus/VR/Materials/PlainMaterial.mat
  artifactKey: Guid(26cadeeaa29498d4889f43542f3add58) Importer(815301076,1909f56bfc062723c751e8b465ee728b)
Start importing Assets/Oculus/VR/Materials/PlainMaterial.mat using Guid(26cadeeaa29498d4889f43542f3add58) Importer(815301076,1909f56bfc062723c751e8b465ee728b)  -> (artifact id: '1e8ec0f3dcc8591a4146810de22ac443') in 0.012500 seconds 
========================================================================
Received Import Request.
  Time since last request: 0.000022 seconds.
  path: Assets/Oculus/Avatar/Samples/SocialStarter/Assets/Materials/Plane_Mat.mat
  artifactKey: Guid(c466b89bb972b8a42bd266c102f8f2cb) Importer(815301076,1909f56bfc062723c751e8b465ee728b)
Start importing Assets/Oculus/Avatar/Samples/SocialStarter/Assets/Materials/Plane_Mat.mat using Guid(c466b89bb972b8a42bd266c102f8f2cb) Importer(815301076,1909f56bfc062723c751e8b465ee728b)  -> (artifact id: 'fbe4f12b273d2491715ba1347ac562bc') in 0.016914 seconds 
========================================================================
Received Import Request.
  Time since last request: 0.000015 seconds.
  path: Assets/Oculus/SampleFramework/Usage/Passthrough/Materials/QuadOutline.mat
  artifactKey: Guid(8b121481a37d7bd40a103176d65df1ee) Importer(815301076,1909f56bfc062723c751e8b465ee728b)
Start importing Assets/Oculus/SampleFramework/Usage/Passthrough/Materials/QuadOutline.mat using Guid(8b121481a37d7bd40a103176d65df1ee) Importer(815301076,1909f56bfc062723c751e8b465ee728b)  -> (artifact id: '3618db8aff277e69e2f1f33b002733a8') in 0.043206 seconds 
========================================================================
Received Import Request.
  Time since last request: 0.000017 seconds.
  path: Assets/Oculus/SampleFramework/Usage/Passthrough/Materials/Red.mat
  artifactKey: Guid(1a96f2c436c09b745985d5faf060545d) Importer(815301076,1909f56bfc062723c751e8b465ee728b)
Start importing Assets/Oculus/SampleFramework/Usage/Passthrough/Materials/Red.mat using Guid(1a96f2c436c09b745985d5faf060545d) Importer(815301076,1909f56bfc062723c751e8b465ee728b)  -> (artifact id: 'c63a065ec0465b7d8a540ea9d9f2f9c7') in 0.015710 seconds 
========================================================================
Received Import Request.
  Time since last request: 0.000016 seconds.
  path: Assets/Oculus/SampleFramework/Usage/Passthrough/Materials/PassthroughBrushStroke.mat
  artifactKey: Guid(0ff7438fe513d7e4295f6ec9b5b623d7) Importer(815301076,1909f56bfc062723c751e8b465ee728b)
Start importing Assets/Oculus/SampleFramework/Usage/Passthrough/Materials/PassthroughBrushStroke.mat using Guid(0ff7438fe513d7e4295f6ec9b5b623d7) Importer(815301076,1909f56bfc062723c751e8b465ee728b)  -> (artifact id: '91e33ae532aa225f05153726c02b450c') in 0.015551 seconds 
========================================================================
Received Import Request.
  Time since last request: 0.000016 seconds.
  path: Assets/Oculus/SampleFramework/Usage/Passthrough/Materials/SelectivePassthroughHands.mat
  artifactKey: Guid(b711286d46553614c8f4e2f88af54316) Importer(815301076,1909f56bfc062723c751e8b465ee728b)
Start importing Assets/Oculus/SampleFramework/Usage/Passthrough/Materials/SelectivePassthroughHands.mat using Guid(b711286d46553614c8f4e2f88af54316) Importer(815301076,1909f56bfc062723c751e8b465ee728b)  -> (artifact id: '037640411357c6010db6807523a91ab8') in 0.041384 seconds 
========================================================================
Received Import Request.
  Time since last request: 0.000015 seconds.
  path: Assets/Oculus/SampleFramework/Usage/Passthrough/Materials/SelectivePassthroughSoft.mat
  artifactKey: Guid(ddbf76a20fa22a14a83e42283bde1eb8) Importer(815301076,1909f56bfc062723c751e8b465ee728b)
Start importing Assets/Oculus/SampleFramework/Usage/Passthrough/Materials/SelectivePassthroughSoft.mat using Guid(ddbf76a20fa22a14a83e42283bde1eb8) Importer(815301076,1909f56bfc062723c751e8b465ee728b)  -> (artifact id: 'afc6f0591264d3fad7754b6aa79051f9') in 0.047442 seconds 
========================================================================
Received Import Request.
  Time since last request: 0.000020 seconds.
  path: Assets/Oculus/Avatar/Samples/SocialStarter/Assets/Materials/Offline_Mat.mat
  artifactKey: Guid(296de5be1228bf34380061dd6e6b0f49) Importer(815301076,1909f56bfc062723c751e8b465ee728b)
Start importing Assets/Oculus/Avatar/Samples/SocialStarter/Assets/Materials/Offline_Mat.mat using Guid(296de5be1228bf34380061dd6e6b0f49) Importer(815301076,1909f56bfc062723c751e8b465ee728b)  -> (artifact id: 'c7450c129859cf681664d805fdc52f9d') in 0.015501 seconds 
========================================================================
Received Import Request.
  Time since last request: 0.000022 seconds.
  path: Assets/TextMesh Pro/Resources/Fonts & Materials/LiberationSans SDF - Outline.mat
  artifactKey: Guid(79459efec17a4d00a321bdcc27bbc385) Importer(815301076,1909f56bfc062723c751e8b465ee728b)
Start importing Assets/TextMesh Pro/Resources/Fonts & Materials/LiberationSans SDF - Outline.mat using Guid(79459efec17a4d00a321bdcc27bbc385) Importer(815301076,1909f56bfc062723c751e8b465ee728b)  -> (artifact id: '25f14bc6d21000aefabdb34a3baffcf3') in 0.030094 seconds 
========================================================================
Received Import Request.
  Time since last request: 0.000024 seconds.
  path: Assets/Oculus/SampleFramework/Usage/Passthrough/Materials/HandMeshMask.mat
  artifactKey: Guid(86bd0db9d12fe4cafb0f57c9596dc64d) Importer(815301076,1909f56bfc062723c751e8b465ee728b)
Start importing Assets/Oculus/SampleFramework/Usage/Passthrough/Materials/HandMeshMask.mat using Guid(86bd0db9d12fe4cafb0f57c9596dc64d) Importer(815301076,1909f56bfc062723c751e8b465ee728b)  -> (artifact id: 'd82905d10aa5ac987321dd1bc7b540f5') in 0.022244 seconds 
========================================================================
Received Import Request.
  Time since last request: 0.000020 seconds.
  path: Assets/Oculus/SampleFramework/Usage/Passthrough/Materials/MenuBackground.mat
  artifactKey: Guid(cd0bb29d1f8a53e4b9356e3da1632421) Importer(815301076,1909f56bfc062723c751e8b465ee728b)
Start importing Assets/Oculus/SampleFramework/Usage/Passthrough/Materials/MenuBackground.mat using Guid(cd0bb29d1f8a53e4b9356e3da1632421) Importer(815301076,1909f56bfc062723c751e8b465ee728b)  -> (artifact id: '4a0f6e218a01bb5cf3f077e2bd58cbd5') in 0.014764 seconds 
========================================================================
Received Import Request.
  Time since last request: 0.000017 seconds.
  path: Assets/Oculus/LipSync/Models/FemaleHead_Morph/Materials/melinda_DIFF.mat
  artifactKey: Guid(16d9c6ac0607b6446a37514d6e175d44) Importer(815301076,1909f56bfc062723c751e8b465ee728b)
Start importing Assets/Oculus/LipSync/Models/FemaleHead_Morph/Materials/melinda_DIFF.mat using Guid(16d9c6ac0607b6446a37514d6e175d44) Importer(815301076,1909f56bfc062723c751e8b465ee728b)  -> (artifact id: '348951785d88199a6410df2f4186da7c') in 0.070965 seconds 
========================================================================
Received Import Request.
  Time since last request: 0.000019 seconds.
  path: Assets/Oculus/LipSync/Models/RobotHead_TextureFlip/Materials/Head-2.mat
  artifactKey: Guid(b8f002f88e9d7e847b5306f3338f80db) Importer(815301076,1909f56bfc062723c751e8b465ee728b)
Start importing Assets/Oculus/LipSync/Models/RobotHead_TextureFlip/Materials/Head-2.mat using Guid(b8f002f88e9d7e847b5306f3338f80db) Importer(815301076,1909f56bfc062723c751e8b465ee728b)  -> (artifact id: '3111f79176179040e9660270a98d2388') in 0.034466 seconds 
========================================================================
Received Import Request.
  Time since last request: 0.000018 seconds.
  path: Assets/Oculus/SampleFramework/Usage/Passthrough/Materials/OculusGlow.mat
  artifactKey: Guid(045a1929a97ff9b47aa45e3bb5d92f7d) Importer(815301076,1909f56bfc062723c751e8b465ee728b)
Start importing Assets/Oculus/SampleFramework/Usage/Passthrough/Materials/OculusGlow.mat using Guid(045a1929a97ff9b47aa45e3bb5d92f7d) Importer(815301076,1909f56bfc062723c751e8b465ee728b)  -> (artifact id: '69cba9cd32156653390f9a50382f3ecc') in 0.140998 seconds 
========================================================================
Received Import Request.
  Time since last request: 0.000020 seconds.
  path: Assets/Oculus/VR/Meshes/OculusTouchForQuestAndRiftS/Materials/OculusTouchForQuestAndRiftS_Material.mat
  artifactKey: Guid(01ac879f6ce09924e9c26663f798beaf) Importer(815301076,1909f56bfc062723c751e8b465ee728b)
Start importing Assets/Oculus/VR/Meshes/OculusTouchForQuestAndRiftS/Materials/OculusTouchForQuestAndRiftS_Material.mat using Guid(01ac879f6ce09924e9c26663f798beaf) Importer(815301076,1909f56bfc062723c751e8b465ee728b)  -> (artifact id: '02b40c8f4f438313963f3e062930181e') in 0.078998 seconds 
========================================================================
Received Import Request.
  Time since last request: 0.000037 seconds.
  path: Assets/Oculus/SampleFramework/Usage/Passthrough/Materials/HandMeshMaskDebug.mat
  artifactKey: Guid(39aedcfe39f8a49159ed27422df8de27) Importer(815301076,1909f56bfc062723c751e8b465ee728b)
Start importing Assets/Oculus/SampleFramework/Usage/Passthrough/Materials/HandMeshMaskDebug.mat using Guid(39aedcfe39f8a49159ed27422df8de27) Importer(815301076,1909f56bfc062723c751e8b465ee728b)  -> (artifact id: 'e54f387ddd8d7fb34ae23c5caabf108d') in 0.016572 seconds 
========================================================================
Received Import Request.
  Time since last request: 0.000025 seconds.
  path: Assets/Oculus/Spatializer/scenes/materials/Ground.mat
  artifactKey: Guid(e121bf11a9143914dbafa9e733415f2a) Importer(815301076,1909f56bfc062723c751e8b465ee728b)
Start importing Assets/Oculus/Spatializer/scenes/materials/Ground.mat using Guid(e121bf11a9143914dbafa9e733415f2a) Importer(815301076,1909f56bfc062723c751e8b465ee728b)  -> (artifact id: '3cf26592bef284eb72397621db5036c7') in 0.015933 seconds 
========================================================================
Received Import Request.
  Time since last request: 0.000016 seconds.
  path: Assets/TextMesh Pro/Resources/Fonts & Materials/LiberationSans SDF - Drop Shadow.mat
  artifactKey: Guid(e73a58f6e2794ae7b1b7e50b7fb811b0) Importer(815301076,1909f56bfc062723c751e8b465ee728b)
Start importing Assets/TextMesh Pro/Resources/Fonts & Materials/LiberationSans SDF - Drop Shadow.mat using Guid(e73a58f6e2794ae7b1b7e50b7fb811b0) Importer(815301076,1909f56bfc062723c751e8b465ee728b)  -> (artifact id: 'ae8b7cd4f19321720ab5cd8c79423949') in 0.087507 seconds 
========================================================================
Received Import Request.
  Time since last request: 0.000017 seconds.
  path: Assets/Oculus/Avatar/Samples/SocialStarter/Assets/Materials/Help.mat
  artifactKey: Guid(4c18da23435024b43a2b78449cbb6ed0) Importer(815301076,1909f56bfc062723c751e8b465ee728b)
Start importing Assets/Oculus/Avatar/Samples/SocialStarter/Assets/Materials/Help.mat using Guid(4c18da23435024b43a2b78449cbb6ed0) Importer(815301076,1909f56bfc062723c751e8b465ee728b)  -> (artifact id: '6962c88a5bdcf38f55020bfa589ee94e') in 0.024032 seconds 
========================================================================
Received Import Request.
  Time since last request: 0.000015 seconds.
  path: Assets/Oculus/LipSync/Models/FemaleHead_Morph/Materials/hair.mat
  artifactKey: Guid(d0455a0ebc21e4c758037cb4b82bebd2) Importer(815301076,1909f56bfc062723c751e8b465ee728b)
Start importing Assets/Oculus/LipSync/Models/FemaleHead_Morph/Materials/hair.mat using Guid(d0455a0ebc21e4c758037cb4b82bebd2) Importer(815301076,1909f56bfc062723c751e8b465ee728b)  -> (artifact id: 'cca0ac4ad9e60ea128539a85856173fb') in 0.070253 seconds 
========================================================================
Received Import Request.
  Time since last request: 0.000018 seconds.
  path: Assets/Oculus/SampleFramework/Usage/Passthrough/Materials/SelectivePassthroughHandsSoft.mat
  artifactKey: Guid(9ac2dd4377e3574419fe3770f75af95a) Importer(815301076,1909f56bfc062723c751e8b465ee728b)
Start importing Assets/Oculus/SampleFramework/Usage/Passthrough/Materials/SelectivePassthroughHandsSoft.mat using Guid(9ac2dd4377e3574419fe3770f75af95a) Importer(815301076,1909f56bfc062723c751e8b465ee728b)  -> (artifact id: 'd6780cc40420ef1d74948ff603ba9dd5') in 0.024817 seconds 
========================================================================
Received Import Request.
  Time since last request: 0.000023 seconds.
  path: Assets/Oculus/VR/Meshes/OculusTouchForRift/Materials/OculusTouchForRift_Material.mat
  artifactKey: Guid(eacafe280fdfa6a44845c135057ae6a5) Importer(815301076,1909f56bfc062723c751e8b465ee728b)
Start importing Assets/Oculus/VR/Meshes/OculusTouchForRift/Materials/OculusTouchForRift_Material.mat using Guid(eacafe280fdfa6a44845c135057ae6a5) Importer(815301076,1909f56bfc062723c751e8b465ee728b)  -> (artifact id: 'dc0c8971766f8bc0bc761014e4cfaaeb') in 0.064690 seconds 
========================================================================
Received Import Request.
  Time since last request: 0.000022 seconds.
  path: Assets/Oculus/VR/Meshes/OculusTouchForQuest2/Materials/OculusTouchForQuest2_MAT.mat
  artifactKey: Guid(d7292a5e1ae17a64c95f3081d2c6be5a) Importer(815301076,1909f56bfc062723c751e8b465ee728b)
Start importing Assets/Oculus/VR/Meshes/OculusTouchForQuest2/Materials/OculusTouchForQuest2_MAT.mat using Guid(d7292a5e1ae17a64c95f3081d2c6be5a) Importer(815301076,1909f56bfc062723c751e8b465ee728b)  -> (artifact id: 'c6a1beabd2af73fd330abec53e4a47e4') in 0.042356 seconds 
========================================================================
Received Import Request.
  Time since last request: 0.000015 seconds.
  path: Assets/Oculus/SampleFramework/Usage/Passthrough/Materials/Graffiti.mat
  artifactKey: Guid(dd331cc38e3258643bf0d3d221718362) Importer(815301076,1909f56bfc062723c751e8b465ee728b)
Start importing Assets/Oculus/SampleFramework/Usage/Passthrough/Materials/Graffiti.mat using Guid(dd331cc38e3258643bf0d3d221718362) Importer(815301076,1909f56bfc062723c751e8b465ee728b)  -> (artifact id: 'ec6954f158d785c5a158172a556e253e') in 0.080767 seconds 
========================================================================
Received Import Request.
  Time since last request: 0.000017 seconds.
  path: Assets/Oculus/SampleFramework/Usage/Passthrough/Materials/LogoWhite.mat
  artifactKey: Guid(2e648ffe2658c134cb6a4cb464c0e01e) Importer(815301076,1909f56bfc062723c751e8b465ee728b)
Start importing Assets/Oculus/SampleFramework/Usage/Passthrough/Materials/LogoWhite.mat using Guid(2e648ffe2658c134cb6a4cb464c0e01e) Importer(815301076,1909f56bfc062723c751e8b465ee728b)  -> (artifact id: 'cca0569cd92a28fc19560e2fae0347e6') in 0.015685 seconds 
========================================================================
Received Import Request.
  Time since last request: 0.000018 seconds.
  path: Assets/Oculus/SampleFramework/Usage/Passthrough/Materials/SelectivePassthrough.mat
  artifactKey: Guid(f7f0c9cf841119946914d0d30670867a) Importer(815301076,1909f56bfc062723c751e8b465ee728b)
Start importing Assets/Oculus/SampleFramework/Usage/Passthrough/Materials/SelectivePassthrough.mat using Guid(f7f0c9cf841119946914d0d30670867a) Importer(815301076,1909f56bfc062723c751e8b465ee728b)  -> (artifact id: 'a68e6653901013e8261a98012846d589') in 0.016224 seconds 
========================================================================
Received Import Request.
  Time since last request: 67.090602 seconds.
  path: Assets/Oculus/Spatializer/scenes/materials/AmbisonicObject1.mat
  artifactKey: Guid(584662273d60a0f47bd7fecbb570e66e) Importer(815301076,1909f56bfc062723c751e8b465ee728b)
Start importing Assets/Oculus/Spatializer/scenes/materials/AmbisonicObject1.mat using Guid(584662273d60a0f47bd7fecbb570e66e) Importer(815301076,1909f56bfc062723c751e8b465ee728b)  -> (artifact id: 'ef87747af8a0daa856ede88f458be554') in 0.019359 seconds 
========================================================================
Received Import Request.
  Time since last request: 0.000022 seconds.
  path: Assets/Oculus/SampleFramework/Usage/Passthrough/Materials/BrushRing.mat
  artifactKey: Guid(fc831064da805784e84a86149c3671bb) Importer(815301076,1909f56bfc062723c751e8b465ee728b)
Start importing Assets/Oculus/SampleFramework/Usage/Passthrough/Materials/BrushRing.mat using Guid(fc831064da805784e84a86149c3671bb) Importer(815301076,1909f56bfc062723c751e8b465ee728b)  -> (artifact id: '8b150f3269a9efb63b962e118235e409') in 0.047148 seconds 
========================================================================
Received Import Request.
  Time since last request: 0.000022 seconds.
  path: Assets/Oculus/VR/Materials/Arrow.mat
  artifactKey: Guid(669025377795b574da66d9bb2472fcab) Importer(815301076,1909f56bfc062723c751e8b465ee728b)
Start importing Assets/Oculus/VR/Materials/Arrow.mat using Guid(669025377795b574da66d9bb2472fcab) Importer(815301076,1909f56bfc062723c751e8b465ee728b)  -> (artifact id: '00c363afe15837766d8e79534c115d98') in 0.015315 seconds 
========================================================================
Received Import Request.
  Time since last request: 0.000015 seconds.
  path: Assets/Oculus/SampleFramework/Usage/Passthrough/Materials/BlackUnlit.mat
  artifactKey: Guid(646da484d21bf48d887dedfb481d78f8) Importer(815301076,1909f56bfc062723c751e8b465ee728b)
Start importing Assets/Oculus/SampleFramework/Usage/Passthrough/Materials/BlackUnlit.mat using Guid(646da484d21bf48d887dedfb481d78f8) Importer(815301076,1909f56bfc062723c751e8b465ee728b)  -> (artifact id: 'b640d3010a07ac237956cf7fbab40b5e') in 0.015021 seconds 
========================================================================
Received Import Request.
  Time since last request: 0.000025 seconds.
  path: Assets/Materials/Glow.mat
  artifactKey: Guid(8e91d77dbbef27d4eb992ac988e9c7cf) Importer(815301076,1909f56bfc062723c751e8b465ee728b)
Start importing Assets/Materials/Glow.mat using Guid(8e91d77dbbef27d4eb992ac988e9c7cf) Importer(815301076,1909f56bfc062723c751e8b465ee728b)  -> (artifact id: '5f54e4e44ff6b04aaf942e27c9ab21e5') in 0.034015 seconds 
========================================================================
Received Import Request.
  Time since last request: 0.000021 seconds.
  path: Assets/Oculus/VR/Materials/BasicHandMaterial.mat
  artifactKey: Guid(5ba7d209f622bb44e87b47ce27ee27b7) Importer(815301076,1909f56bfc062723c751e8b465ee728b)
Start importing Assets/Oculus/VR/Materials/BasicHandMaterial.mat using Guid(5ba7d209f622bb44e87b47ce27ee27b7) Importer(815301076,1909f56bfc062723c751e8b465ee728b)  -> (artifact id: 'c9e1a91996f3dda0a47a53531ac48336') in 0.063345 seconds 
========================================================================
Received Import Request.
  Time since last request: 0.000016 seconds.
  path: Assets/Oculus/VR/Materials/CubeMaterial.mat
  artifactKey: Guid(62db2d638434d5a488dfb1e789e34b37) Importer(815301076,1909f56bfc062723c751e8b465ee728b)
Start importing Assets/Oculus/VR/Materials/CubeMaterial.mat using Guid(62db2d638434d5a488dfb1e789e34b37) Importer(815301076,1909f56bfc062723c751e8b465ee728b)  -> (artifact id: 'e9d2269309a3a9af139e42f938f4b8b2') in 0.030425 seconds 
========================================================================
Received Import Request.
  Time since last request: 0.000018 seconds.
  path: Assets/Oculus/Spatializer/scenes/Standard Assets/Character Controllers/Sources/PrototypeCharacter/Materials/constructor_done.mat
  artifactKey: Guid(ca49380a71a2bb64c830d06bd421b9d1) Importer(815301076,1909f56bfc062723c751e8b465ee728b)
Start importing Assets/Oculus/Spatializer/scenes/Standard Assets/Character Controllers/Sources/PrototypeCharacter/Materials/constructor_done.mat using Guid(ca49380a71a2bb64c830d06bd421b9d1) Importer(815301076,1909f56bfc062723c751e8b465ee728b)  -> (artifact id: '757670e623f2cfe550570f09e79894b2') in 0.041256 seconds 
========================================================================
Received Import Request.
  Time since last request: 0.000022 seconds.
  path: Assets/Oculus/VR/Materials/gaze_cursor.mat
  artifactKey: Guid(7f31de375e167154aa45929466af30e4) Importer(815301076,1909f56bfc062723c751e8b465ee728b)
Start importing Assets/Oculus/VR/Materials/gaze_cursor.mat using Guid(7f31de375e167154aa45929466af30e4) Importer(815301076,1909f56bfc062723c751e8b465ee728b)  -> (artifact id: 'd285c9d2dc01b146d30dd7c4048f5195') in 0.043783 seconds 
========================================================================
Received Import Request.
  Time since last request: 0.000016 seconds.
  path: Assets/TextMesh Pro/Fonts/LiberationSans.ttf
  artifactKey: Guid(e3265ab4bf004d28a9537516768c1c75) Importer(815301076,1909f56bfc062723c751e8b465ee728b)
Start importing Assets/TextMesh Pro/Fonts/LiberationSans.ttf using Guid(e3265ab4bf004d28a9537516768c1c75) Importer(815301076,1909f56bfc062723c751e8b465ee728b)  -> (artifact id: '1b31c26b04afd3f9da8815c0b1e81f18') in 0.033564 seconds 
========================================================================
Received Import Request.
  Time since last request: 0.000017 seconds.
  path: Assets/Oculus/SampleFramework/Usage/Passthrough/Materials/FatHand.mat
  artifactKey: Guid(ab04d9fb6b1844341887a1606c641c42) Importer(815301076,1909f56bfc062723c751e8b465ee728b)
Start importing Assets/Oculus/SampleFramework/Usage/Passthrough/Materials/FatHand.mat using Guid(ab04d9fb6b1844341887a1606c641c42) Importer(815301076,1909f56bfc062723c751e8b465ee728b)  -> (artifact id: '2ba657e841f924ae43ef14bcb7567cca') in 0.044463 seconds 
========================================================================
Received Import Request.
  Time since last request: 0.000022 seconds.
  path: Assets/Oculus/SampleFramework/Usage/Passthrough/Materials/DropShadow.mat
  artifactKey: Guid(453454162b59cff4e85715109e372e86) Importer(815301076,1909f56bfc062723c751e8b465ee728b)
Start importing Assets/Oculus/SampleFramework/Usage/Passthrough/Materials/DropShadow.mat using Guid(453454162b59cff4e85715109e372e86) Importer(815301076,1909f56bfc062723c751e8b465ee728b)  -> (artifact id: '368770a3d91e32bef99f5b285c6ca1dd') in 0.020868 seconds 
========================================================================
Received Import Request.
  Time since last request: 0.000017 seconds.
  path: Assets/Oculus/SampleFramework/Usage/Passthrough/Materials/FlashlightGlow.mat
  artifactKey: Guid(0f3abb54da8820c4891cbee10f6f037e) Importer(815301076,1909f56bfc062723c751e8b465ee728b)
Start importing Assets/Oculus/SampleFramework/Usage/Passthrough/Materials/FlashlightGlow.mat using Guid(0f3abb54da8820c4891cbee10f6f037e) Importer(815301076,1909f56bfc062723c751e8b465ee728b)  -> (artifact id: '755552cefc0ab55c45ac39f3a157a335') in 0.016472 seconds 
========================================================================
Received Import Request.
  Time since last request: 0.000020 seconds.
  path: Assets/Oculus/SampleFramework/Usage/Passthrough/Materials/Blue.mat
  artifactKey: Guid(a86f23e51babc544a8f3e240ffe9b263) Importer(815301076,1909f56bfc062723c751e8b465ee728b)
Start importing Assets/Oculus/SampleFramework/Usage/Passthrough/Materials/Blue.mat using Guid(a86f23e51babc544a8f3e240ffe9b263) Importer(815301076,1909f56bfc062723c751e8b465ee728b)  -> (artifact id: '935621c64a9a7fa1ee97fe9f5557e696') in 0.016085 seconds 
========================================================================
Received Import Request.
  Time since last request: 0.000018 seconds.
  path: Assets/Oculus/LipSync/Models/FemaleHead_Morph/Materials/eyelashes.mat
  artifactKey: Guid(e906d4c6bf3304d5dac06eee4fe24c54) Importer(815301076,1909f56bfc062723c751e8b465ee728b)
Start importing Assets/Oculus/LipSync/Models/FemaleHead_Morph/Materials/eyelashes.mat using Guid(e906d4c6bf3304d5dac06eee4fe24c54) Importer(815301076,1909f56bfc062723c751e8b465ee728b)  -> (artifact id: 'af57395145bce3fe2c8531fd98b9928f') in 0.110357 seconds 
========================================================================
Received Import Request.
  Time since last request: 0.000016 seconds.
  path: Assets/Oculus/Avatar/Samples/SocialStarter/Assets/Materials/GearHelp.mat
  artifactKey: Guid(09c03a3c5049d234590b91bbc6e84462) Importer(815301076,1909f56bfc062723c751e8b465ee728b)
Start importing Assets/Oculus/Avatar/Samples/SocialStarter/Assets/Materials/GearHelp.mat using Guid(09c03a3c5049d234590b91bbc6e84462) Importer(815301076,1909f56bfc062723c751e8b465ee728b)  -> (artifact id: '6cae19b730371f6d89c5167fbc4e5871') in 0.023258 seconds 
========================================================================
Received Import Request.
  Time since last request: 0.000016 seconds.
  path: Assets/Oculus/VR/Materials/cursor_timer_material.mat
  artifactKey: Guid(9531aa878fd5c4749b288b72024e8d2f) Importer(815301076,1909f56bfc062723c751e8b465ee728b)
Start importing Assets/Oculus/VR/Materials/cursor_timer_material.mat using Guid(9531aa878fd5c4749b288b72024e8d2f) Importer(815301076,1909f56bfc062723c751e8b465ee728b)  -> (artifact id: 'ace68f525ed696c440df91c12742fb8b') in 0.026939 seconds 
========================================================================
Received Import Request.
  Time since last request: 0.000018 seconds.
  path: Assets/Oculus/VR/Materials/GazePointer.mat
  artifactKey: Guid(3fac3b9744290eb4c89b0e4ffd5fe085) Importer(815301076,1909f56bfc062723c751e8b465ee728b)
Start importing Assets/Oculus/VR/Materials/GazePointer.mat using Guid(3fac3b9744290eb4c89b0e4ffd5fe085) Importer(815301076,1909f56bfc062723c751e8b465ee728b)  -> (artifact id: '27de0440b738de7006e4c18c8d7022bd') in 0.021940 seconds 
========================================================================
Received Prepare
Registering precompiled user dll's ...
Registered in 0.006003 seconds.
Begin MonoManager ReloadAssembly
Native extension for WindowsStandalone target not found
Refreshing native plugins compatible for Editor in 0.78 ms, found 6 plugins.
Preloading 1 native plugins for Editor in 0.09 ms.
Mono: successfully reloaded assembly
- Completed reload, in  1.159 seconds
Domain Reload Profiling:
	ReloadAssembly (1160ms)
		BeginReloadAssembly (138ms)
			ExecutionOrderSort (0ms)
			DisableScriptedObjects (4ms)
			BackupInstance (0ms)
			ReleaseScriptingObjects (0ms)
			CreateAndSetChildDomain (33ms)
		EndReloadAssembly (854ms)
			LoadAssemblies (84ms)
			RebuildTransferFunctionScriptingTraits (0ms)
			SetupTypeCache (247ms)
			ReleaseScriptCaches (1ms)
			RebuildScriptCaches (43ms)
			SetupLoadedEditorAssemblies (390ms)
				LogAssemblyErrors (0ms)
				InitializePlatformSupportModulesInManaged (14ms)
				SetLoadedEditorAssemblies (0ms)
				RefreshPlugins (1ms)
				BeforeProcessingInitializeOnLoad (58ms)
				ProcessInitializeOnLoadAttributes (278ms)
				ProcessInitializeOnLoadMethodAttributes (30ms)
				AfterProcessingInitializeOnLoad (9ms)
				EditorAssembliesLoaded (0ms)
			ExecutionOrderSort2 (0ms)
			AwakeInstancesAfterBackupRestoration (17ms)
Platform modules already initialized, skipping
Switching build target platform(19) subTarget(0) extendedPlatform(0) -> platform(13) subTarget(0) extendedPlatform(0)
Shader 'Oculus/OVRMRCameraFrameLit': fallback shader 'Alpha-Diffuse' not found
Refreshing native plugins compatible for Editor in 0.83 ms, found 6 plugins.
Preloading 1 native plugins for Editor in 0.10 ms.
Unloading 2187 Unused Serialized files (Serialized files now loaded: 0)
Unloading 40 unused Assets / (25.7 KB). Loaded Objects now: 2768.
Memory consumption went from 101.4 MB to 101.4 MB.
Total: 2.755800 ms (FindLiveObjects: 0.218900 ms CreateObjectMapping: 0.112400 ms MarkObjects: 2.377800 ms  DeleteObjects: 0.045800 ms)

AssetImportParameters requested are different than current active one (requested -> active):
  custom:video-decoder-ogg-theora: a1e56fd34408186e4bbccfd4996cb3dc -> 
  custom:container-muxer-webm: aa71ff27fc2769a1b78a27578f13a17b -> 
  custom:container-demuxer-webm: 4f35f7cbe854078d1ac9338744f61a02 -> 
  custom:video-encoder-webm-vp8: eb34c28f22e8b96e1ab97ce403110664 -> 
  custom:audio-encoder-webm-vorbis: bf7c407c2cedff20999df2af8eb42d56 -> 
  custom:framework-win-MediaFoundation: 216162199b28c13a410421893ffa2e32 -> 
  custom:container-demuxer-ogg: 62fdf1f143b41e24485cea50d1cbac27 -> 
  custom:video-decoder-webm-vp8: 9c59270c3fd7afecdb556c50c9e8de78 -> 
  custom:audio-decoder-ogg-vorbis: bf7c407c2cedff20999df2af8eb42d56 -> 
========================================================================
Received Import Request.
  Time since last request: 1145.132031 seconds.
  path: Assets/Scenes/experiment scenes/Trial_01.unity
  artifactKey: Guid(23de1451190d4d84bafc03e13ebbd0ea) Importer(815301076,1909f56bfc062723c751e8b465ee728b)
Start importing Assets/Scenes/experiment scenes/Trial_01.unity using Guid(23de1451190d4d84bafc03e13ebbd0ea) Importer(815301076,1909f56bfc062723c751e8b465ee728b)  -> (artifact id: '6ad105ad449a1a66e2fd7da300625143') in 0.017783 seconds 
========================================================================
Received Import Request.
  Time since last request: 126.167816 seconds.
  path: Assets/Scenes/experiment scenes/Start_e.unity
  artifactKey: Guid(a83e39183255bec4d8dd00e8e3a8f961) Importer(815301076,1909f56bfc062723c751e8b465ee728b)
Start importing Assets/Scenes/experiment scenes/Start_e.unity using Guid(a83e39183255bec4d8dd00e8e3a8f961) Importer(815301076,1909f56bfc062723c751e8b465ee728b)  -> (artifact id: 'af761a7c76ebce4a50d2b33cfef4e5a3') in 0.006176 seconds 
========================================================================
Received Import Request.
  Time since last request: 91.965452 seconds.
  path: Assets/Scenes/experiment scenes/Trial_02.unity
  artifactKey: Guid(0563965003fe2804e8c08d9c146e3101) Importer(815301076,1909f56bfc062723c751e8b465ee728b)
Start importing Assets/Scenes/experiment scenes/Trial_02.unity using Guid(0563965003fe2804e8c08d9c146e3101) Importer(815301076,1909f56bfc062723c751e8b465ee728b)  -> (artifact id: '9d597b133b47597a75847f860ce32a19') in 0.010984 seconds 
========================================================================
Received Import Request.
  Time since last request: 1.356088 seconds.
  path: Assets/Scenes/experiment scenes/Trial_03.unity
  artifactKey: Guid(3f0c33cb6ae9698429ec072f18a9e97c) Importer(815301076,1909f56bfc062723c751e8b465ee728b)
Start importing Assets/Scenes/experiment scenes/Trial_03.unity using Guid(3f0c33cb6ae9698429ec072f18a9e97c) Importer(815301076,1909f56bfc062723c751e8b465ee728b)  -> (artifact id: 'b9dc4309e9249051edff38980341b7a5') in 0.006784 seconds 
========================================================================
Received Import Request.
  Time since last request: 0.698769 seconds.
  path: Assets/Scenes/experiment scenes/Trial_MR_01.unity
  artifactKey: Guid(8f3dc9caee80e1a4883bbf41604891eb) Importer(815301076,1909f56bfc062723c751e8b465ee728b)
Start importing Assets/Scenes/experiment scenes/Trial_MR_01.unity using Guid(8f3dc9caee80e1a4883bbf41604891eb) Importer(815301076,1909f56bfc062723c751e8b465ee728b)  -> (artifact id: '5790a15eb3f379c7ca6233193c2f3ae4') in 0.006224 seconds 
========================================================================
Received Import Request.
  Time since last request: 88.695874 seconds.
  path: Assets/Scripts/TransitionToVisualisation.cs
  artifactKey: Guid(a6541e33b5dcea745acc0e26b1b8c930) Importer(815301076,1909f56bfc062723c751e8b465ee728b)
Start importing Assets/Scripts/TransitionToVisualisation.cs using Guid(a6541e33b5dcea745acc0e26b1b8c930) Importer(815301076,1909f56bfc062723c751e8b465ee728b)  -> (artifact id: 'db1921ca36c7a2d5ab39c72ed5d9b2b3') in 0.011655 seconds 
========================================================================
Received Import Request.
  Time since last request: 1.872613 seconds.
  path: Assets/Scripts/SetInitialPosition1.cs
  artifactKey: Guid(6a9aead1aacdc5748acfa10e2891e9ce) Importer(815301076,1909f56bfc062723c751e8b465ee728b)
Start importing Assets/Scripts/SetInitialPosition1.cs using Guid(6a9aead1aacdc5748acfa10e2891e9ce) Importer(815301076,1909f56bfc062723c751e8b465ee728b)  -> (artifact id: 'bc526405fd76093cf3a53d2b9beff557') in 0.005458 seconds 
========================================================================
Received Prepare
Registering precompiled user dll's ...
Registered in 0.006001 seconds.
Begin MonoManager ReloadAssembly
Native extension for WindowsStandalone target not found
Refreshing native plugins compatible for Editor in 0.63 ms, found 6 plugins.
Preloading 1 native plugins for Editor in 0.07 ms.
Mono: successfully reloaded assembly
- Completed reload, in  0.984 seconds
Domain Reload Profiling:
	ReloadAssembly (985ms)
		BeginReloadAssembly (136ms)
			ExecutionOrderSort (0ms)
			DisableScriptedObjects (7ms)
			BackupInstance (0ms)
			ReleaseScriptingObjects (0ms)
			CreateAndSetChildDomain (29ms)
		EndReloadAssembly (747ms)
			LoadAssemblies (92ms)
			RebuildTransferFunctionScriptingTraits (0ms)
			SetupTypeCache (220ms)
			ReleaseScriptCaches (1ms)
			RebuildScriptCaches (45ms)
			SetupLoadedEditorAssemblies (314ms)
				LogAssemblyErrors (0ms)
				InitializePlatformSupportModulesInManaged (15ms)
				SetLoadedEditorAssemblies (1ms)
				RefreshPlugins (1ms)
				BeforeProcessingInitializeOnLoad (56ms)
				ProcessInitializeOnLoadAttributes (206ms)
				ProcessInitializeOnLoadMethodAttributes (26ms)
				AfterProcessingInitializeOnLoad (9ms)
				EditorAssembliesLoaded (0ms)
			ExecutionOrderSort2 (0ms)
			AwakeInstancesAfterBackupRestoration (12ms)
Platform modules already initialized, skipping
Switching build target platform(19) subTarget(0) extendedPlatform(0) -> platform(13) subTarget(0) extendedPlatform(0)
Shader 'Oculus/OVRMRCameraFrameLit': fallback shader 'Alpha-Diffuse' not found
Refreshing native plugins compatible for Editor in 0.89 ms, found 6 plugins.
Preloading 1 native plugins for Editor in 0.09 ms.
Unloading 2186 Unused Serialized files (Serialized files now loaded: 0)
Unloading 39 unused Assets / (25.6 KB). Loaded Objects now: 2771.
Memory consumption went from 101.4 MB to 101.4 MB.
Total: 3.109200 ms (FindLiveObjects: 0.331800 ms CreateObjectMapping: 0.171300 ms MarkObjects: 2.563100 ms  DeleteObjects: 0.040700 ms)

AssetImportParameters requested are different than current active one (requested -> active):
  custom:video-decoder-ogg-theora: a1e56fd34408186e4bbccfd4996cb3dc -> 
  custom:container-muxer-webm: aa71ff27fc2769a1b78a27578f13a17b -> 
  custom:container-demuxer-webm: 4f35f7cbe854078d1ac9338744f61a02 -> 
  custom:video-encoder-webm-vp8: eb34c28f22e8b96e1ab97ce403110664 -> 
  custom:audio-encoder-webm-vorbis: bf7c407c2cedff20999df2af8eb42d56 -> 
  custom:framework-win-MediaFoundation: 216162199b28c13a410421893ffa2e32 -> 
  custom:container-demuxer-ogg: 62fdf1f143b41e24485cea50d1cbac27 -> 
  custom:video-decoder-webm-vp8: 9c59270c3fd7afecdb556c50c9e8de78 -> 
  custom:audio-decoder-ogg-vorbis: bf7c407c2cedff20999df2af8eb42d56 -> 
========================================================================
Received Import Request.
  Time since last request: 134.060471 seconds.
  path: Assets/Scripts/SetInitialPosition.cs
  artifactKey: Guid(66a875e98cd02404395cedeb1c149dc7) Importer(815301076,1909f56bfc062723c751e8b465ee728b)
Start importing Assets/Scripts/SetInitialPosition.cs using Guid(66a875e98cd02404395cedeb1c149dc7) Importer(815301076,1909f56bfc062723c751e8b465ee728b)  -> (artifact id: 'ae7790f99ee15527161d47b75fff614b') in 0.010412 seconds 
========================================================================
Received Import Request.
  Time since last request: 19.555380 seconds.
  path: Assets/Scripts/TransformDeepChildExtension.cs
  artifactKey: Guid(ad87cafea3111c945937dfafd0d9d3e9) Importer(815301076,1909f56bfc062723c751e8b465ee728b)
Start importing Assets/Scripts/TransformDeepChildExtension.cs using Guid(ad87cafea3111c945937dfafd0d9d3e9) Importer(815301076,1909f56bfc062723c751e8b465ee728b)  -> (artifact id: 'a036465018ea5b01992f19d994b19161') in 0.006587 seconds 
========================================================================
Received Import Request.
  Time since last request: 107.019595 seconds.
  path: Assets/Scenes/experiment scenes/Trial_MR_01.unity
  artifactKey: Guid(8f3dc9caee80e1a4883bbf41604891eb) Importer(815301076,1909f56bfc062723c751e8b465ee728b)
Start importing Assets/Scenes/experiment scenes/Trial_MR_01.unity using Guid(8f3dc9caee80e1a4883bbf41604891eb) Importer(815301076,1909f56bfc062723c751e8b465ee728b)  -> (artifact id: '2cc2bf9c1a0a152c43dfc2b4278b03f0') in 0.013509 seconds 
========================================================================
Received Import Request.
  Time since last request: 1.910655 seconds.
  path: Assets/Scenes/experiment scenes/Trial_MR_02.unity
  artifactKey: Guid(7d82f02595a33ef44b53a90a92042761) Importer(815301076,1909f56bfc062723c751e8b465ee728b)
Start importing Assets/Scenes/experiment scenes/Trial_MR_02.unity using Guid(7d82f02595a33ef44b53a90a92042761) Importer(815301076,1909f56bfc062723c751e8b465ee728b)  -> (artifact id: '72381d52665447eef3a948ea1c7b6ff0') in 0.006639 seconds 
========================================================================
Received Import Request.
  Time since last request: 15.187776 seconds.
  path: Assets/Scenes/experiment scenes/Trial_03.unity
  artifactKey: Guid(3f0c33cb6ae9698429ec072f18a9e97c) Importer(815301076,1909f56bfc062723c751e8b465ee728b)
Start importing Assets/Scenes/experiment scenes/Trial_03.unity using Guid(3f0c33cb6ae9698429ec072f18a9e97c) Importer(815301076,1909f56bfc062723c751e8b465ee728b)  -> (artifact id: '55abdb514f2c0ef0dcb7ba6544945f81') in 0.003158 seconds 
========================================================================
Received Import Request.
  Time since last request: 2.422602 seconds.
  path: Assets/Scenes/experiment scenes/Trial_MR_02.unity
  artifactKey: Guid(7d82f02595a33ef44b53a90a92042761) Importer(815301076,1909f56bfc062723c751e8b465ee728b)
Start importing Assets/Scenes/experiment scenes/Trial_MR_02.unity using Guid(7d82f02595a33ef44b53a90a92042761) Importer(815301076,1909f56bfc062723c751e8b465ee728b)  -> (artifact id: '03509fe9c0d24299f62a397c0c23a1f6') in 0.004365 seconds 
========================================================================
Received Prepare
Registering precompiled user dll's ...
Registered in 0.007490 seconds.
Begin MonoManager ReloadAssembly
Native extension for WindowsStandalone target not found
Refreshing native plugins compatible for Editor in 1.30 ms, found 6 plugins.
Preloading 1 native plugins for Editor in 0.16 ms.
Mono: successfully reloaded assembly
- Completed reload, in  1.652 seconds
Domain Reload Profiling:
	ReloadAssembly (1652ms)
		BeginReloadAssembly (262ms)
			ExecutionOrderSort (0ms)
			DisableScriptedObjects (9ms)
			BackupInstance (0ms)
			ReleaseScriptingObjects (0ms)
			CreateAndSetChildDomain (73ms)
		EndReloadAssembly (1073ms)
			LoadAssemblies (159ms)
			RebuildTransferFunctionScriptingTraits (0ms)
			SetupTypeCache (372ms)
			ReleaseScriptCaches (1ms)
			RebuildScriptCaches (82ms)
			SetupLoadedEditorAssemblies (401ms)
				LogAssemblyErrors (0ms)
				InitializePlatformSupportModulesInManaged (15ms)
				SetLoadedEditorAssemblies (0ms)
				RefreshPlugins (2ms)
				BeforeProcessingInitializeOnLoad (73ms)
				ProcessInitializeOnLoadAttributes (274ms)
				ProcessInitializeOnLoadMethodAttributes (27ms)
				AfterProcessingInitializeOnLoad (10ms)
				EditorAssembliesLoaded (0ms)
			ExecutionOrderSort2 (0ms)
			AwakeInstancesAfterBackupRestoration (14ms)
Platform modules already initialized, skipping
Switching build target platform(19) subTarget(0) extendedPlatform(0) -> platform(13) subTarget(0) extendedPlatform(0)
Shader 'Oculus/OVRMRCameraFrameLit': fallback shader 'Alpha-Diffuse' not found
Refreshing native plugins compatible for Editor in 0.62 ms, found 6 plugins.
Preloading 1 native plugins for Editor in 0.08 ms.
Unloading 2186 Unused Serialized files (Serialized files now loaded: 0)
Unloading 39 unused Assets / (25.6 KB). Loaded Objects now: 2774.
Memory consumption went from 101.4 MB to 101.4 MB.
Total: 3.270200 ms (FindLiveObjects: 0.236100 ms CreateObjectMapping: 0.127800 ms MarkObjects: 2.872200 ms  DeleteObjects: 0.031800 ms)

AssetImportParameters requested are different than current active one (requested -> active):
  custom:video-decoder-ogg-theora: a1e56fd34408186e4bbccfd4996cb3dc -> 
  custom:container-muxer-webm: aa71ff27fc2769a1b78a27578f13a17b -> 
  custom:container-demuxer-webm: 4f35f7cbe854078d1ac9338744f61a02 -> 
  custom:video-encoder-webm-vp8: eb34c28f22e8b96e1ab97ce403110664 -> 
  custom:audio-encoder-webm-vorbis: bf7c407c2cedff20999df2af8eb42d56 -> 
  custom:framework-win-MediaFoundation: 216162199b28c13a410421893ffa2e32 -> 
  custom:container-demuxer-ogg: 62fdf1f143b41e24485cea50d1cbac27 -> 
  custom:video-decoder-webm-vp8: 9c59270c3fd7afecdb556c50c9e8de78 -> 
  custom:audio-decoder-ogg-vorbis: bf7c407c2cedff20999df2af8eb42d56 -> 
========================================================================
Received Import Request.
  Time since last request: 220.804753 seconds.
  path: Assets/Scenes/experiment scenes/Trial_01.unity
  artifactKey: Guid(23de1451190d4d84bafc03e13ebbd0ea) Importer(815301076,1909f56bfc062723c751e8b465ee728b)
Start importing Assets/Scenes/experiment scenes/Trial_01.unity using Guid(23de1451190d4d84bafc03e13ebbd0ea) Importer(815301076,1909f56bfc062723c751e8b465ee728b)  -> (artifact id: 'a9fdce6cadfda635cf6a145f9d8e5ff0') in 0.016377 seconds 
========================================================================
Received Import Request.
  Time since last request: 131.823480 seconds.
  path: Assets/Scenes/experiment scenes/Trial_02.unity
  artifactKey: Guid(0563965003fe2804e8c08d9c146e3101) Importer(815301076,1909f56bfc062723c751e8b465ee728b)
Start importing Assets/Scenes/experiment scenes/Trial_02.unity using Guid(0563965003fe2804e8c08d9c146e3101) Importer(815301076,1909f56bfc062723c751e8b465ee728b)  -> (artifact id: 'ed650ce90299b360ab094200da4db961') in 0.006859 seconds 
========================================================================
Received Import Request.
  Time since last request: 15.460942 seconds.
  path: Assets/Scenes/experiment scenes/Trial_MR_01.unity
  artifactKey: Guid(8f3dc9caee80e1a4883bbf41604891eb) Importer(815301076,1909f56bfc062723c751e8b465ee728b)
Start importing Assets/Scenes/experiment scenes/Trial_MR_01.unity using Guid(8f3dc9caee80e1a4883bbf41604891eb) Importer(815301076,1909f56bfc062723c751e8b465ee728b)  -> (artifact id: 'a1cbbd8c9b601492bccfc6c01f79fe28') in 0.002836 seconds 
========================================================================
Received Import Request.
  Time since last request: 5.279301 seconds.
  path: Assets/Scenes/experiment scenes/Trial_MR_02.unity
  artifactKey: Guid(7d82f02595a33ef44b53a90a92042761) Importer(815301076,1909f56bfc062723c751e8b465ee728b)
Start importing Assets/Scenes/experiment scenes/Trial_MR_02.unity using Guid(7d82f02595a33ef44b53a90a92042761) Importer(815301076,1909f56bfc062723c751e8b465ee728b)  -> (artifact id: '72474c881d5a6bf331ebd68f63aff4be') in 0.002934 seconds 
========================================================================
Received Import Request.
  Time since last request: 5.633946 seconds.
  path: Assets/Scenes/experiment scenes/Trial_01.unity
  artifactKey: Guid(23de1451190d4d84bafc03e13ebbd0ea) Importer(815301076,1909f56bfc062723c751e8b465ee728b)
Start importing Assets/Scenes/experiment scenes/Trial_01.unity using Guid(23de1451190d4d84bafc03e13ebbd0ea) Importer(815301076,1909f56bfc062723c751e8b465ee728b)  -> (artifact id: '22ef84d876d3bf3e0c5054e6f921f380') in 0.003088 seconds 
========================================================================
Received Prepare
Registering precompiled user dll's ...
Registered in 0.006483 seconds.
Begin MonoManager ReloadAssembly
Native extension for WindowsStandalone target not found
Refreshing native plugins compatible for Editor in 0.64 ms, found 6 plugins.
Preloading 1 native plugins for Editor in 0.18 ms.
Mono: successfully reloaded assembly
- Completed reload, in  1.625 seconds
Domain Reload Profiling:
	ReloadAssembly (1626ms)
		BeginReloadAssembly (186ms)
			ExecutionOrderSort (0ms)
			DisableScriptedObjects (8ms)
			BackupInstance (0ms)
			ReleaseScriptingObjects (0ms)
			CreateAndSetChildDomain (32ms)
		EndReloadAssembly (1188ms)
			LoadAssemblies (105ms)
			RebuildTransferFunctionScriptingTraits (0ms)
			SetupTypeCache (410ms)
			ReleaseScriptCaches (2ms)
			RebuildScriptCaches (107ms)
			SetupLoadedEditorAssemblies (426ms)
				LogAssemblyErrors (0ms)
				InitializePlatformSupportModulesInManaged (20ms)
				SetLoadedEditorAssemblies (1ms)
				RefreshPlugins (1ms)
				BeforeProcessingInitializeOnLoad (106ms)
				ProcessInitializeOnLoadAttributes (258ms)
				ProcessInitializeOnLoadMethodAttributes (29ms)
				AfterProcessingInitializeOnLoad (11ms)
				EditorAssembliesLoaded (0ms)
			ExecutionOrderSort2 (0ms)
			AwakeInstancesAfterBackupRestoration (15ms)
Platform modules already initialized, skipping
Switching build target platform(19) subTarget(0) extendedPlatform(0) -> platform(13) subTarget(0) extendedPlatform(0)
Shader 'Oculus/OVRMRCameraFrameLit': fallback shader 'Alpha-Diffuse' not found
Refreshing native plugins compatible for Editor in 1.59 ms, found 6 plugins.
Preloading 1 native plugins for Editor in 0.10 ms.
Unloading 2186 Unused Serialized files (Serialized files now loaded: 0)
Unloading 39 unused Assets / (25.6 KB). Loaded Objects now: 2777.
Memory consumption went from 101.4 MB to 101.3 MB.
Total: 4.112500 ms (FindLiveObjects: 0.264300 ms CreateObjectMapping: 0.143100 ms MarkObjects: 3.672100 ms  DeleteObjects: 0.031400 ms)

AssetImportParameters requested are different than current active one (requested -> active):
  custom:video-decoder-ogg-theora: a1e56fd34408186e4bbccfd4996cb3dc -> 
  custom:container-muxer-webm: aa71ff27fc2769a1b78a27578f13a17b -> 
  custom:container-demuxer-webm: 4f35f7cbe854078d1ac9338744f61a02 -> 
  custom:video-encoder-webm-vp8: eb34c28f22e8b96e1ab97ce403110664 -> 
  custom:audio-encoder-webm-vorbis: bf7c407c2cedff20999df2af8eb42d56 -> 
  custom:framework-win-MediaFoundation: 216162199b28c13a410421893ffa2e32 -> 
  custom:container-demuxer-ogg: 62fdf1f143b41e24485cea50d1cbac27 -> 
  custom:video-decoder-webm-vp8: 9c59270c3fd7afecdb556c50c9e8de78 -> 
  custom:audio-decoder-ogg-vorbis: bf7c407c2cedff20999df2af8eb42d56 -> 
========================================================================
Received Prepare
Registering precompiled user dll's ...
Registered in 0.006260 seconds.
Begin MonoManager ReloadAssembly
Native extension for WindowsStandalone target not found
Refreshing native plugins compatible for Editor in 0.79 ms, found 6 plugins.
Preloading 1 native plugins for Editor in 0.09 ms.
Mono: successfully reloaded assembly
- Completed reload, in  1.293 seconds
Domain Reload Profiling:
	ReloadAssembly (1294ms)
		BeginReloadAssembly (148ms)
			ExecutionOrderSort (0ms)
			DisableScriptedObjects (10ms)
			BackupInstance (0ms)
			ReleaseScriptingObjects (0ms)
			CreateAndSetChildDomain (32ms)
		EndReloadAssembly (1040ms)
			LoadAssemblies (85ms)
			RebuildTransferFunctionScriptingTraits (0ms)
			SetupTypeCache (290ms)
			ReleaseScriptCaches (2ms)
			RebuildScriptCaches (52ms)
			SetupLoadedEditorAssemblies (451ms)
				LogAssemblyErrors (0ms)
				InitializePlatformSupportModulesInManaged (15ms)
				SetLoadedEditorAssemblies (1ms)
				RefreshPlugins (1ms)
				BeforeProcessingInitializeOnLoad (78ms)
				ProcessInitializeOnLoadAttributes (310ms)
				ProcessInitializeOnLoadMethodAttributes (36ms)
				AfterProcessingInitializeOnLoad (9ms)
				EditorAssembliesLoaded (1ms)
			ExecutionOrderSort2 (0ms)
			AwakeInstancesAfterBackupRestoration (18ms)
Platform modules already initialized, skipping
Switching build target platform(19) subTarget(0) extendedPlatform(0) -> platform(13) subTarget(0) extendedPlatform(0)
Shader 'Oculus/OVRMRCameraFrameLit': fallback shader 'Alpha-Diffuse' not found
Refreshing native plugins compatible for Editor in 0.75 ms, found 6 plugins.
Preloading 1 native plugins for Editor in 0.09 ms.
Unloading 2186 Unused Serialized files (Serialized files now loaded: 0)
Unloading 39 unused Assets / (25.6 KB). Loaded Objects now: 2780.
Memory consumption went from 101.5 MB to 101.5 MB.
Total: 2.804500 ms (FindLiveObjects: 0.212300 ms CreateObjectMapping: 0.169500 ms MarkObjects: 2.275800 ms  DeleteObjects: 0.145700 ms)

AssetImportParameters requested are different than current active one (requested -> active):
  custom:video-decoder-ogg-theora: a1e56fd34408186e4bbccfd4996cb3dc -> 
  custom:container-muxer-webm: aa71ff27fc2769a1b78a27578f13a17b -> 
  custom:container-demuxer-webm: 4f35f7cbe854078d1ac9338744f61a02 -> 
  custom:video-encoder-webm-vp8: eb34c28f22e8b96e1ab97ce403110664 -> 
  custom:audio-encoder-webm-vorbis: bf7c407c2cedff20999df2af8eb42d56 -> 
  custom:framework-win-MediaFoundation: 216162199b28c13a410421893ffa2e32 -> 
  custom:container-demuxer-ogg: 62fdf1f143b41e24485cea50d1cbac27 -> 
  custom:video-decoder-webm-vp8: 9c59270c3fd7afecdb556c50c9e8de78 -> 
  custom:audio-decoder-ogg-vorbis: bf7c407c2cedff20999df2af8eb42d56 -> 
========================================================================
Received Import Request.
  Time since last request: 660.626098 seconds.
  path: Assets/Scenes/experiment scenes/Trial_02.unity
  artifactKey: Guid(0563965003fe2804e8c08d9c146e3101) Importer(815301076,1909f56bfc062723c751e8b465ee728b)
Start importing Assets/Scenes/experiment scenes/Trial_02.unity using Guid(0563965003fe2804e8c08d9c146e3101) Importer(815301076,1909f56bfc062723c751e8b465ee728b)  -> (artifact id: 'f6e35218b9cabb08c69934d630f5c054') in 0.020640 seconds 
========================================================================
Received Prepare
Registering precompiled user dll's ...
Registered in 0.006209 seconds.
Begin MonoManager ReloadAssembly
Native extension for WindowsStandalone target not found
Refreshing native plugins compatible for Editor in 0.63 ms, found 6 plugins.
Preloading 1 native plugins for Editor in 0.10 ms.
Mono: successfully reloaded assembly
- Completed reload, in  0.984 seconds
Domain Reload Profiling:
	ReloadAssembly (985ms)
		BeginReloadAssembly (133ms)
			ExecutionOrderSort (0ms)
			DisableScriptedObjects (5ms)
			BackupInstance (0ms)
			ReleaseScriptingObjects (0ms)
			CreateAndSetChildDomain (30ms)
		EndReloadAssembly (746ms)
			LoadAssemblies (79ms)
			RebuildTransferFunctionScriptingTraits (0ms)
			SetupTypeCache (187ms)
			ReleaseScriptCaches (1ms)
			RebuildScriptCaches (36ms)
			SetupLoadedEditorAssemblies (327ms)
				LogAssemblyErrors (0ms)
				InitializePlatformSupportModulesInManaged (12ms)
				SetLoadedEditorAssemblies (0ms)
				RefreshPlugins (1ms)
				BeforeProcessingInitializeOnLoad (55ms)
				ProcessInitializeOnLoadAttributes (219ms)
				ProcessInitializeOnLoadMethodAttributes (29ms)
				AfterProcessingInitializeOnLoad (10ms)
				EditorAssembliesLoaded (0ms)
			ExecutionOrderSort2 (0ms)
			AwakeInstancesAfterBackupRestoration (13ms)
Platform modules already initialized, skipping
Switching build target platform(19) subTarget(0) extendedPlatform(0) -> platform(13) subTarget(0) extendedPlatform(0)
Shader 'Oculus/OVRMRCameraFrameLit': fallback shader 'Alpha-Diffuse' not found
Refreshing native plugins compatible for Editor in 0.61 ms, found 6 plugins.
Preloading 1 native plugins for Editor in 0.06 ms.
Unloading 2186 Unused Serialized files (Serialized files now loaded: 0)
Unloading 39 unused Assets / (25.6 KB). Loaded Objects now: 2783.
Memory consumption went from 101.5 MB to 101.5 MB.
Total: 2.783700 ms (FindLiveObjects: 0.244700 ms CreateObjectMapping: 0.164300 ms MarkObjects: 2.345800 ms  DeleteObjects: 0.027800 ms)

AssetImportParameters requested are different than current active one (requested -> active):
  custom:video-decoder-ogg-theora: a1e56fd34408186e4bbccfd4996cb3dc -> 
  custom:container-muxer-webm: aa71ff27fc2769a1b78a27578f13a17b -> 
  custom:container-demuxer-webm: 4f35f7cbe854078d1ac9338744f61a02 -> 
  custom:video-encoder-webm-vp8: eb34c28f22e8b96e1ab97ce403110664 -> 
  custom:audio-encoder-webm-vorbis: bf7c407c2cedff20999df2af8eb42d56 -> 
  custom:framework-win-MediaFoundation: 216162199b28c13a410421893ffa2e32 -> 
  custom:container-demuxer-ogg: 62fdf1f143b41e24485cea50d1cbac27 -> 
  custom:video-decoder-webm-vp8: 9c59270c3fd7afecdb556c50c9e8de78 -> 
  custom:audio-decoder-ogg-vorbis: bf7c407c2cedff20999df2af8eb42d56 -> 
========================================================================
Received Import Request.
  Time since last request: 183.171578 seconds.
  path: Assets/Scenes/experiment scenes/Start_e.unity
  artifactKey: Guid(a83e39183255bec4d8dd00e8e3a8f961) Importer(815301076,1909f56bfc062723c751e8b465ee728b)
Start importing Assets/Scenes/experiment scenes/Start_e.unity using Guid(a83e39183255bec4d8dd00e8e3a8f961) Importer(815301076,1909f56bfc062723c751e8b465ee728b)  -> (artifact id: '344a55f05e5ac257cd057e9438efa5af') in 0.018753 seconds 
========================================================================
Received Prepare
Registering precompiled user dll's ...
Registered in 0.006392 seconds.
Begin MonoManager ReloadAssembly
Native extension for WindowsStandalone target not found
Refreshing native plugins compatible for Editor in 0.78 ms, found 6 plugins.
Preloading 1 native plugins for Editor in 0.12 ms.
Mono: successfully reloaded assembly
- Completed reload, in  2.181 seconds
Domain Reload Profiling:
	ReloadAssembly (2182ms)
		BeginReloadAssembly (757ms)
			ExecutionOrderSort (0ms)
			DisableScriptedObjects (29ms)
			BackupInstance (0ms)
			ReleaseScriptingObjects (0ms)
			CreateAndSetChildDomain (67ms)
		EndReloadAssembly (1075ms)
			LoadAssemblies (640ms)
			RebuildTransferFunctionScriptingTraits (0ms)
			SetupTypeCache (290ms)
			ReleaseScriptCaches (1ms)
			RebuildScriptCaches (59ms)
			SetupLoadedEditorAssemblies (419ms)
				LogAssemblyErrors (0ms)
				InitializePlatformSupportModulesInManaged (17ms)
				SetLoadedEditorAssemblies (1ms)
				RefreshPlugins (1ms)
				BeforeProcessingInitializeOnLoad (96ms)
				ProcessInitializeOnLoadAttributes (266ms)
				ProcessInitializeOnLoadMethodAttributes (28ms)
				AfterProcessingInitializeOnLoad (10ms)
				EditorAssembliesLoaded (0ms)
			ExecutionOrderSort2 (0ms)
			AwakeInstancesAfterBackupRestoration (28ms)
Platform modules already initialized, skipping
Switching build target platform(19) subTarget(0) extendedPlatform(0) -> platform(13) subTarget(0) extendedPlatform(0)
Shader 'Oculus/OVRMRCameraFrameLit': fallback shader 'Alpha-Diffuse' not found
Refreshing native plugins compatible for Editor in 0.71 ms, found 6 plugins.
Preloading 1 native plugins for Editor in 0.08 ms.
Unloading 2186 Unused Serialized files (Serialized files now loaded: 0)
Unloading 39 unused Assets / (25.6 KB). Loaded Objects now: 2786.
Memory consumption went from 101.5 MB to 101.5 MB.
Total: 2.735400 ms (FindLiveObjects: 0.244400 ms CreateObjectMapping: 0.156200 ms MarkObjects: 2.197900 ms  DeleteObjects: 0.135700 ms)

AssetImportParameters requested are different than current active one (requested -> active):
  custom:video-decoder-ogg-theora: a1e56fd34408186e4bbccfd4996cb3dc -> 
  custom:container-muxer-webm: aa71ff27fc2769a1b78a27578f13a17b -> 
  custom:container-demuxer-webm: 4f35f7cbe854078d1ac9338744f61a02 -> 
  custom:video-encoder-webm-vp8: eb34c28f22e8b96e1ab97ce403110664 -> 
  custom:audio-encoder-webm-vorbis: bf7c407c2cedff20999df2af8eb42d56 -> 
  custom:framework-win-MediaFoundation: 216162199b28c13a410421893ffa2e32 -> 
  custom:container-demuxer-ogg: 62fdf1f143b41e24485cea50d1cbac27 -> 
  custom:video-decoder-webm-vp8: 9c59270c3fd7afecdb556c50c9e8de78 -> 
  custom:audio-decoder-ogg-vorbis: bf7c407c2cedff20999df2af8eb42d56 -> 
========================================================================
Received Prepare
Registering precompiled user dll's ...
Registered in 0.013992 seconds.
Begin MonoManager ReloadAssembly
Native extension for WindowsStandalone target not found
Refreshing native plugins compatible for Editor in 0.66 ms, found 6 plugins.
Preloading 1 native plugins for Editor in 0.07 ms.
Mono: successfully reloaded assembly
- Completed reload, in  1.465 seconds
Domain Reload Profiling:
	ReloadAssembly (1466ms)
		BeginReloadAssembly (222ms)
			ExecutionOrderSort (0ms)
			DisableScriptedObjects (11ms)
			BackupInstance (0ms)
			ReleaseScriptingObjects (1ms)
			CreateAndSetChildDomain (48ms)
		EndReloadAssembly (1060ms)
			LoadAssemblies (178ms)
			RebuildTransferFunctionScriptingTraits (0ms)
			SetupTypeCache (305ms)
			ReleaseScriptCaches (1ms)
			RebuildScriptCaches (58ms)
			SetupLoadedEditorAssemblies (394ms)
				LogAssemblyErrors (0ms)
				InitializePlatformSupportModulesInManaged (15ms)
				SetLoadedEditorAssemblies (0ms)
				RefreshPlugins (1ms)
				BeforeProcessingInitializeOnLoad (65ms)
				ProcessInitializeOnLoadAttributes (271ms)
				ProcessInitializeOnLoadMethodAttributes (30ms)
				AfterProcessingInitializeOnLoad (12ms)
				EditorAssembliesLoaded (0ms)
			ExecutionOrderSort2 (0ms)
			AwakeInstancesAfterBackupRestoration (15ms)
Platform modules already initialized, skipping
Switching build target platform(19) subTarget(0) extendedPlatform(0) -> platform(13) subTarget(0) extendedPlatform(0)
Shader 'Oculus/OVRMRCameraFrameLit': fallback shader 'Alpha-Diffuse' not found
Refreshing native plugins compatible for Editor in 0.63 ms, found 6 plugins.
Preloading 1 native plugins for Editor in 0.08 ms.
Unloading 2186 Unused Serialized files (Serialized files now loaded: 0)
Unloading 39 unused Assets / (25.7 KB). Loaded Objects now: 2789.
Memory consumption went from 101.5 MB to 101.5 MB.
Total: 4.627300 ms (FindLiveObjects: 0.331900 ms CreateObjectMapping: 0.655500 ms MarkObjects: 3.499300 ms  DeleteObjects: 0.139600 ms)

AssetImportParameters requested are different than current active one (requested -> active):
  custom:video-decoder-ogg-theora: a1e56fd34408186e4bbccfd4996cb3dc -> 
  custom:container-muxer-webm: aa71ff27fc2769a1b78a27578f13a17b -> 
  custom:container-demuxer-webm: 4f35f7cbe854078d1ac9338744f61a02 -> 
  custom:video-encoder-webm-vp8: eb34c28f22e8b96e1ab97ce403110664 -> 
  custom:audio-encoder-webm-vorbis: bf7c407c2cedff20999df2af8eb42d56 -> 
  custom:framework-win-MediaFoundation: 216162199b28c13a410421893ffa2e32 -> 
  custom:container-demuxer-ogg: 62fdf1f143b41e24485cea50d1cbac27 -> 
  custom:video-decoder-webm-vp8: 9c59270c3fd7afecdb556c50c9e8de78 -> 
  custom:audio-decoder-ogg-vorbis: bf7c407c2cedff20999df2af8eb42d56 -> 
========================================================================
Received Prepare
Registering precompiled user dll's ...
Registered in 0.007195 seconds.
Begin MonoManager ReloadAssembly
Native extension for WindowsStandalone target not found
Refreshing native plugins compatible for Editor in 0.67 ms, found 6 plugins.
Preloading 1 native plugins for Editor in 0.08 ms.
Mono: successfully reloaded assembly
- Completed reload, in  1.825 seconds
Domain Reload Profiling:
	ReloadAssembly (1826ms)
		BeginReloadAssembly (175ms)
			ExecutionOrderSort (0ms)
			DisableScriptedObjects (7ms)
			BackupInstance (0ms)
			ReleaseScriptingObjects (0ms)
			CreateAndSetChildDomain (37ms)
		EndReloadAssembly (1460ms)
			LoadAssemblies (186ms)
			RebuildTransferFunctionScriptingTraits (0ms)
			SetupTypeCache (548ms)
			ReleaseScriptCaches (3ms)
			RebuildScriptCaches (58ms)
			SetupLoadedEditorAssemblies (413ms)
				LogAssemblyErrors (0ms)
				InitializePlatformSupportModulesInManaged (15ms)
				SetLoadedEditorAssemblies (0ms)
				RefreshPlugins (1ms)
				BeforeProcessingInitializeOnLoad (74ms)
				ProcessInitializeOnLoadAttributes (280ms)
				ProcessInitializeOnLoadMethodAttributes (32ms)
				AfterProcessingInitializeOnLoad (10ms)
				EditorAssembliesLoaded (0ms)
			ExecutionOrderSort2 (0ms)
			AwakeInstancesAfterBackupRestoration (15ms)
Platform modules already initialized, skipping
Switching build target platform(19) subTarget(0) extendedPlatform(0) -> platform(13) subTarget(0) extendedPlatform(0)
Shader 'Oculus/OVRMRCameraFrameLit': fallback shader 'Alpha-Diffuse' not found
Refreshing native plugins compatible for Editor in 0.65 ms, found 6 plugins.
Preloading 1 native plugins for Editor in 0.07 ms.
Unloading 2186 Unused Serialized files (Serialized files now loaded: 0)
Unloading 39 unused Assets / (25.6 KB). Loaded Objects now: 2792.
Memory consumption went from 101.4 MB to 101.4 MB.
Total: 5.237900 ms (FindLiveObjects: 0.257400 ms CreateObjectMapping: 0.143300 ms MarkObjects: 4.767000 ms  DeleteObjects: 0.068300 ms)

AssetImportParameters requested are different than current active one (requested -> active):
  custom:video-decoder-ogg-theora: a1e56fd34408186e4bbccfd4996cb3dc -> 
  custom:container-muxer-webm: aa71ff27fc2769a1b78a27578f13a17b -> 
  custom:container-demuxer-webm: 4f35f7cbe854078d1ac9338744f61a02 -> 
  custom:video-encoder-webm-vp8: eb34c28f22e8b96e1ab97ce403110664 -> 
  custom:audio-encoder-webm-vorbis: bf7c407c2cedff20999df2af8eb42d56 -> 
  custom:framework-win-MediaFoundation: 216162199b28c13a410421893ffa2e32 -> 
  custom:container-demuxer-ogg: 62fdf1f143b41e24485cea50d1cbac27 -> 
  custom:video-decoder-webm-vp8: 9c59270c3fd7afecdb556c50c9e8de78 -> 
  custom:audio-decoder-ogg-vorbis: bf7c407c2cedff20999df2af8eb42d56 -> 
========================================================================
Received Import Request.
  Time since last request: 156.998632 seconds.
  path: Assets/Scenes/experiment scenes/Trial_01.unity
  artifactKey: Guid(23de1451190d4d84bafc03e13ebbd0ea) Importer(815301076,1909f56bfc062723c751e8b465ee728b)
Start importing Assets/Scenes/experiment scenes/Trial_01.unity using Guid(23de1451190d4d84bafc03e13ebbd0ea) Importer(815301076,1909f56bfc062723c751e8b465ee728b)  -> (artifact id: '748dcced240f976ebf0ca9ddb9b5051e') in 0.019750 seconds 
========================================================================
Received Prepare
Registering precompiled user dll's ...
Registered in 0.010613 seconds.
Begin MonoManager ReloadAssembly
Native extension for WindowsStandalone target not found
Refreshing native plugins compatible for Editor in 0.69 ms, found 6 plugins.
Preloading 1 native plugins for Editor in 0.10 ms.
Mono: successfully reloaded assembly
- Completed reload, in  1.292 seconds
Domain Reload Profiling:
	ReloadAssembly (1293ms)
		BeginReloadAssembly (143ms)
			ExecutionOrderSort (0ms)
			DisableScriptedObjects (6ms)
			BackupInstance (0ms)
			ReleaseScriptingObjects (0ms)
			CreateAndSetChildDomain (33ms)
		EndReloadAssembly (1023ms)
			LoadAssemblies (87ms)
			RebuildTransferFunctionScriptingTraits (0ms)
			SetupTypeCache (226ms)
			ReleaseScriptCaches (1ms)
			RebuildScriptCaches (44ms)
			SetupLoadedEditorAssemblies (462ms)
				LogAssemblyErrors (0ms)
				InitializePlatformSupportModulesInManaged (15ms)
				SetLoadedEditorAssemblies (0ms)
				RefreshPlugins (1ms)
				BeforeProcessingInitializeOnLoad (111ms)
				ProcessInitializeOnLoadAttributes (296ms)
				ProcessInitializeOnLoadMethodAttributes (28ms)
				AfterProcessingInitializeOnLoad (9ms)
				EditorAssembliesLoaded (0ms)
			ExecutionOrderSort2 (0ms)
			AwakeInstancesAfterBackupRestoration (13ms)
Platform modules already initialized, skipping
Switching build target platform(19) subTarget(0) extendedPlatform(0) -> platform(13) subTarget(0) extendedPlatform(0)
Shader 'Oculus/OVRMRCameraFrameLit': fallback shader 'Alpha-Diffuse' not found
Refreshing native plugins compatible for Editor in 0.64 ms, found 6 plugins.
Preloading 1 native plugins for Editor in 0.07 ms.
Unloading 2186 Unused Serialized files (Serialized files now loaded: 0)
Unloading 39 unused Assets / (25.7 KB). Loaded Objects now: 2795.
Memory consumption went from 101.5 MB to 101.5 MB.
Total: 2.945900 ms (FindLiveObjects: 0.224900 ms CreateObjectMapping: 0.136900 ms MarkObjects: 2.552000 ms  DeleteObjects: 0.031000 ms)

AssetImportParameters requested are different than current active one (requested -> active):
  custom:video-decoder-ogg-theora: a1e56fd34408186e4bbccfd4996cb3dc -> 
  custom:container-muxer-webm: aa71ff27fc2769a1b78a27578f13a17b -> 
  custom:container-demuxer-webm: 4f35f7cbe854078d1ac9338744f61a02 -> 
  custom:video-encoder-webm-vp8: eb34c28f22e8b96e1ab97ce403110664 -> 
  custom:audio-encoder-webm-vorbis: bf7c407c2cedff20999df2af8eb42d56 -> 
  custom:framework-win-MediaFoundation: 216162199b28c13a410421893ffa2e32 -> 
  custom:container-demuxer-ogg: 62fdf1f143b41e24485cea50d1cbac27 -> 
  custom:video-decoder-webm-vp8: 9c59270c3fd7afecdb556c50c9e8de78 -> 
  custom:audio-decoder-ogg-vorbis: bf7c407c2cedff20999df2af8eb42d56 -> 
========================================================================
Received Prepare
Registering precompiled user dll's ...
Registered in 0.007507 seconds.
Begin MonoManager ReloadAssembly
Native extension for WindowsStandalone target not found
Refreshing native plugins compatible for Editor in 0.64 ms, found 6 plugins.
Preloading 1 native plugins for Editor in 0.09 ms.
Mono: successfully reloaded assembly
- Completed reload, in  1.422 seconds
Domain Reload Profiling:
	ReloadAssembly (1422ms)
		BeginReloadAssembly (212ms)
			ExecutionOrderSort (0ms)
			DisableScriptedObjects (6ms)
			BackupInstance (0ms)
			ReleaseScriptingObjects (0ms)
			CreateAndSetChildDomain (35ms)
		EndReloadAssembly (1030ms)
			LoadAssemblies (184ms)
			RebuildTransferFunctionScriptingTraits (0ms)
			SetupTypeCache (315ms)
			ReleaseScriptCaches (1ms)
			RebuildScriptCaches (62ms)
			SetupLoadedEditorAssemblies (342ms)
				LogAssemblyErrors (0ms)
				InitializePlatformSupportModulesInManaged (14ms)
				SetLoadedEditorAssemblies (1ms)
				RefreshPlugins (1ms)
				BeforeProcessingInitializeOnLoad (62ms)
				ProcessInitializeOnLoadAttributes (226ms)
				ProcessInitializeOnLoadMethodAttributes (28ms)
				AfterProcessingInitializeOnLoad (10ms)
				EditorAssembliesLoaded (0ms)
			ExecutionOrderSort2 (0ms)
			AwakeInstancesAfterBackupRestoration (14ms)
Platform modules already initialized, skipping
Switching build target platform(19) subTarget(0) extendedPlatform(0) -> platform(13) subTarget(0) extendedPlatform(0)
Shader 'Oculus/OVRMRCameraFrameLit': fallback shader 'Alpha-Diffuse' not found
Refreshing native plugins compatible for Editor in 0.66 ms, found 6 plugins.
Preloading 1 native plugins for Editor in 0.08 ms.
Unloading 2186 Unused Serialized files (Serialized files now loaded: 0)
Unloading 39 unused Assets / (25.6 KB). Loaded Objects now: 2798.
Memory consumption went from 101.6 MB to 101.5 MB.
Total: 2.630300 ms (FindLiveObjects: 0.256100 ms CreateObjectMapping: 0.133900 ms MarkObjects: 2.207300 ms  DeleteObjects: 0.031900 ms)

AssetImportParameters requested are different than current active one (requested -> active):
  custom:video-decoder-ogg-theora: a1e56fd34408186e4bbccfd4996cb3dc -> 
  custom:container-muxer-webm: aa71ff27fc2769a1b78a27578f13a17b -> 
  custom:container-demuxer-webm: 4f35f7cbe854078d1ac9338744f61a02 -> 
  custom:video-encoder-webm-vp8: eb34c28f22e8b96e1ab97ce403110664 -> 
  custom:audio-encoder-webm-vorbis: bf7c407c2cedff20999df2af8eb42d56 -> 
  custom:framework-win-MediaFoundation: 216162199b28c13a410421893ffa2e32 -> 
  custom:container-demuxer-ogg: 62fdf1f143b41e24485cea50d1cbac27 -> 
  custom:video-decoder-webm-vp8: 9c59270c3fd7afecdb556c50c9e8de78 -> 
  custom:audio-decoder-ogg-vorbis: bf7c407c2cedff20999df2af8eb42d56 -> 
========================================================================
Received Prepare
Registering precompiled user dll's ...
Registered in 0.006419 seconds.
Begin MonoManager ReloadAssembly
Native extension for WindowsStandalone target not found
Refreshing native plugins compatible for Editor in 0.63 ms, found 6 plugins.
Preloading 1 native plugins for Editor in 0.08 ms.
Mono: successfully reloaded assembly
- Completed reload, in  2.335 seconds
Domain Reload Profiling:
	ReloadAssembly (2335ms)
		BeginReloadAssembly (194ms)
			ExecutionOrderSort (0ms)
			DisableScriptedObjects (6ms)
			BackupInstance (0ms)
			ReleaseScriptingObjects (0ms)
			CreateAndSetChildDomain (41ms)
		EndReloadAssembly (1864ms)
			LoadAssemblies (134ms)
			RebuildTransferFunctionScriptingTraits (0ms)
			SetupTypeCache (493ms)
			ReleaseScriptCaches (1ms)
			RebuildScriptCaches (111ms)
			SetupLoadedEditorAssemblies (690ms)
				LogAssemblyErrors (0ms)
				InitializePlatformSupportModulesInManaged (14ms)
				SetLoadedEditorAssemblies (0ms)
				RefreshPlugins (1ms)
				BeforeProcessingInitializeOnLoad (73ms)
				ProcessInitializeOnLoadAttributes (526ms)
				ProcessInitializeOnLoadMethodAttributes (54ms)
				AfterProcessingInitializeOnLoad (21ms)
				EditorAssembliesLoaded (0ms)
			ExecutionOrderSort2 (0ms)
			AwakeInstancesAfterBackupRestoration (23ms)
Platform modules already initialized, skipping
Switching build target platform(19) subTarget(0) extendedPlatform(0) -> platform(13) subTarget(0) extendedPlatform(0)
Shader 'Oculus/OVRMRCameraFrameLit': fallback shader 'Alpha-Diffuse' not found
Refreshing native plugins compatible for Editor in 0.61 ms, found 6 plugins.
Preloading 1 native plugins for Editor in 0.07 ms.
Unloading 2186 Unused Serialized files (Serialized files now loaded: 0)
Unloading 39 unused Assets / (25.6 KB). Loaded Objects now: 2801.
Memory consumption went from 101.6 MB to 101.6 MB.
Total: 3.275200 ms (FindLiveObjects: 0.293100 ms CreateObjectMapping: 0.261600 ms MarkObjects: 2.580100 ms  DeleteObjects: 0.139200 ms)

AssetImportParameters requested are different than current active one (requested -> active):
  custom:video-decoder-ogg-theora: a1e56fd34408186e4bbccfd4996cb3dc -> 
  custom:container-muxer-webm: aa71ff27fc2769a1b78a27578f13a17b -> 
  custom:container-demuxer-webm: 4f35f7cbe854078d1ac9338744f61a02 -> 
  custom:video-encoder-webm-vp8: eb34c28f22e8b96e1ab97ce403110664 -> 
  custom:audio-encoder-webm-vorbis: bf7c407c2cedff20999df2af8eb42d56 -> 
  custom:framework-win-MediaFoundation: 216162199b28c13a410421893ffa2e32 -> 
  custom:container-demuxer-ogg: 62fdf1f143b41e24485cea50d1cbac27 -> 
  custom:video-decoder-webm-vp8: 9c59270c3fd7afecdb556c50c9e8de78 -> 
  custom:audio-decoder-ogg-vorbis: bf7c407c2cedff20999df2af8eb42d56 -> 
========================================================================
Received Prepare
Registering precompiled user dll's ...
Registered in 0.006415 seconds.
Begin MonoManager ReloadAssembly
Native extension for WindowsStandalone target not found
Refreshing native plugins compatible for Editor in 0.74 ms, found 6 plugins.
Preloading 1 native plugins for Editor in 0.13 ms.
Mono: successfully reloaded assembly
- Completed reload, in  1.216 seconds
Domain Reload Profiling:
	ReloadAssembly (1217ms)
		BeginReloadAssembly (136ms)
			ExecutionOrderSort (0ms)
			DisableScriptedObjects (6ms)
			BackupInstance (0ms)
			ReleaseScriptingObjects (0ms)
			CreateAndSetChildDomain (29ms)
		EndReloadAssembly (971ms)
			LoadAssemblies (78ms)
			RebuildTransferFunctionScriptingTraits (0ms)
			SetupTypeCache (225ms)
			ReleaseScriptCaches (1ms)
			RebuildScriptCaches (72ms)
			SetupLoadedEditorAssemblies (366ms)
				LogAssemblyErrors (0ms)
				InitializePlatformSupportModulesInManaged (16ms)
				SetLoadedEditorAssemblies (0ms)
				RefreshPlugins (1ms)
				BeforeProcessingInitializeOnLoad (92ms)
				ProcessInitializeOnLoadAttributes (220ms)
				ProcessInitializeOnLoadMethodAttributes (26ms)
				AfterProcessingInitializeOnLoad (10ms)
				EditorAssembliesLoaded (0ms)
			ExecutionOrderSort2 (0ms)
			AwakeInstancesAfterBackupRestoration (12ms)
Platform modules already initialized, skipping
Switching build target platform(19) subTarget(0) extendedPlatform(0) -> platform(13) subTarget(0) extendedPlatform(0)
Shader 'Oculus/OVRMRCameraFrameLit': fallback shader 'Alpha-Diffuse' not found
Refreshing native plugins compatible for Editor in 0.70 ms, found 6 plugins.
Preloading 1 native plugins for Editor in 0.07 ms.
Unloading 2186 Unused Serialized files (Serialized files now loaded: 0)
Unloading 39 unused Assets / (25.6 KB). Loaded Objects now: 2804.
Memory consumption went from 101.6 MB to 101.6 MB.
Total: 2.894900 ms (FindLiveObjects: 0.224400 ms CreateObjectMapping: 0.116800 ms MarkObjects: 2.522500 ms  DeleteObjects: 0.030400 ms)

AssetImportParameters requested are different than current active one (requested -> active):
  custom:video-decoder-ogg-theora: a1e56fd34408186e4bbccfd4996cb3dc -> 
  custom:container-muxer-webm: aa71ff27fc2769a1b78a27578f13a17b -> 
  custom:container-demuxer-webm: 4f35f7cbe854078d1ac9338744f61a02 -> 
  custom:video-encoder-webm-vp8: eb34c28f22e8b96e1ab97ce403110664 -> 
  custom:audio-encoder-webm-vorbis: bf7c407c2cedff20999df2af8eb42d56 -> 
  custom:framework-win-MediaFoundation: 216162199b28c13a410421893ffa2e32 -> 
  custom:container-demuxer-ogg: 62fdf1f143b41e24485cea50d1cbac27 -> 
  custom:video-decoder-webm-vp8: 9c59270c3fd7afecdb556c50c9e8de78 -> 
  custom:audio-decoder-ogg-vorbis: bf7c407c2cedff20999df2af8eb42d56 -> 
========================================================================
Received Import Request.
  Time since last request: 467.157018 seconds.
  path: Assets/Scenes/experiment scenes/Trial_03.unity
  artifactKey: Guid(3f0c33cb6ae9698429ec072f18a9e97c) Importer(815301076,1909f56bfc062723c751e8b465ee728b)
Start importing Assets/Scenes/experiment scenes/Trial_03.unity using Guid(3f0c33cb6ae9698429ec072f18a9e97c) Importer(815301076,1909f56bfc062723c751e8b465ee728b)  -> (artifact id: '227f3eb482620a4d02a921cc2b5d0be6') in 0.026328 seconds 
========================================================================
Received Import Request.
  Time since last request: 38.850144 seconds.
  path: Assets/Scenes/experiment scenes/Trial_MR_01.unity
  artifactKey: Guid(8f3dc9caee80e1a4883bbf41604891eb) Importer(815301076,1909f56bfc062723c751e8b465ee728b)
Start importing Assets/Scenes/experiment scenes/Trial_MR_01.unity using Guid(8f3dc9caee80e1a4883bbf41604891eb) Importer(815301076,1909f56bfc062723c751e8b465ee728b)  -> (artifact id: '1a752d778cfa482c1f80c47cde740912') in 0.004553 seconds 
========================================================================
Received Prepare
Registering precompiled user dll's ...
Registered in 0.006320 seconds.
Begin MonoManager ReloadAssembly
Native extension for WindowsStandalone target not found
Refreshing native plugins compatible for Editor in 0.73 ms, found 6 plugins.
Preloading 1 native plugins for Editor in 0.08 ms.
Mono: successfully reloaded assembly
- Completed reload, in  2.343 seconds
Domain Reload Profiling:
	ReloadAssembly (2343ms)
		BeginReloadAssembly (176ms)
			ExecutionOrderSort (0ms)
			DisableScriptedObjects (8ms)
			BackupInstance (0ms)
			ReleaseScriptingObjects (0ms)
			CreateAndSetChildDomain (47ms)
		EndReloadAssembly (1972ms)
			LoadAssemblies (287ms)
			RebuildTransferFunctionScriptingTraits (0ms)
			SetupTypeCache (359ms)
			ReleaseScriptCaches (1ms)
			RebuildScriptCaches (97ms)
			SetupLoadedEditorAssemblies (648ms)
				LogAssemblyErrors (0ms)
				InitializePlatformSupportModulesInManaged (49ms)
				SetLoadedEditorAssemblies (1ms)
				RefreshPlugins (1ms)
				BeforeProcessingInitializeOnLoad (128ms)
				ProcessInitializeOnLoadAttributes (403ms)
				ProcessInitializeOnLoadMethodAttributes (42ms)
				AfterProcessingInitializeOnLoad (25ms)
				EditorAssembliesLoaded (0ms)
			ExecutionOrderSort2 (0ms)
			AwakeInstancesAfterBackupRestoration (18ms)
Platform modules already initialized, skipping
Switching build target platform(19) subTarget(0) extendedPlatform(0) -> platform(13) subTarget(0) extendedPlatform(0)
Shader 'Oculus/OVRMRCameraFrameLit': fallback shader 'Alpha-Diffuse' not found
Refreshing native plugins compatible for Editor in 0.72 ms, found 6 plugins.
Preloading 1 native plugins for Editor in 0.08 ms.
Unloading 2186 Unused Serialized files (Serialized files now loaded: 0)
Unloading 39 unused Assets / (25.7 KB). Loaded Objects now: 2807.
Memory consumption went from 101.5 MB to 101.5 MB.
Total: 2.886800 ms (FindLiveObjects: 0.297800 ms CreateObjectMapping: 0.199800 ms MarkObjects: 2.356100 ms  DeleteObjects: 0.031800 ms)

AssetImportParameters requested are different than current active one (requested -> active):
  custom:video-decoder-ogg-theora: a1e56fd34408186e4bbccfd4996cb3dc -> 
  custom:container-muxer-webm: aa71ff27fc2769a1b78a27578f13a17b -> 
  custom:container-demuxer-webm: 4f35f7cbe854078d1ac9338744f61a02 -> 
  custom:video-encoder-webm-vp8: eb34c28f22e8b96e1ab97ce403110664 -> 
  custom:audio-encoder-webm-vorbis: bf7c407c2cedff20999df2af8eb42d56 -> 
  custom:framework-win-MediaFoundation: 216162199b28c13a410421893ffa2e32 -> 
  custom:container-demuxer-ogg: 62fdf1f143b41e24485cea50d1cbac27 -> 
  custom:video-decoder-webm-vp8: 9c59270c3fd7afecdb556c50c9e8de78 -> 
  custom:audio-decoder-ogg-vorbis: bf7c407c2cedff20999df2af8eb42d56 -> 
